Using pre-set license
Built from '2021.1/staging' branch; Version is '2021.1.3f1 (4bef613afd59) revision 4976481'; Using compiler version '192528614'; Build Type 'Release'
OS: 'Windows 10 Education; OS build 19045.2965; Version 2009; 64bit' Language: 'en' Physical Memory: 32726 MB
BatchMode: 1, IsHumanControllingUs: 0, StartBugReporterOnCrash: 0, Is64bit: 1, IsPro: 0

 COMMAND LINE ARGUMENTS:
C:\Program Files\Unity\Hub\Editor\2021.1.3f1\Editor\Unity.exe
-adb2
-batchMode
-noUpm
-name
AssetImportWorker0
-projectPath
C:/Users/marcus.wheatley/Documents/Repo/MechaMadness/MechaMadness
-logFile
Logs/AssetImportWorker0.log
-srvPort
50458
Successfully changed project path to: C:/Users/marcus.wheatley/Documents/Repo/MechaMadness/MechaMadness
C:/Users/marcus.wheatley/Documents/Repo/MechaMadness/MechaMadness
Using Asset Import Pipeline V2.
Refreshing native plugins compatible for Editor in 77.26 ms, found 1 plugins.
Preloading 0 native plugins for Editor in 0.00 ms.
Initialize engine version: 2021.1.3f1 (4bef613afd59)
[Subsystems] Discovering subsystems at path C:/Program Files/Unity/Hub/Editor/2021.1.3f1/Editor/Data/Resources/UnitySubsystems
[Subsystems] Discovering subsystems at path C:/Users/marcus.wheatley/Documents/Repo/MechaMadness/MechaMadness/Assets
GfxDevice: creating device client; threaded=0; jobified=0
Direct3D:
    Version:  Direct3D 11.0 [level 11.1]
    Renderer: NVIDIA GeForce GTX 1060 6GB (ID=0x1c03)
    Vendor:   NVIDIA
    VRAM:     6052 MB
    Driver:   31.0.15.1694
Initialize mono
Mono path[0] = 'C:/Program Files/Unity/Hub/Editor/2021.1.3f1/Editor/Data/Managed'
Mono path[1] = 'C:/Program Files/Unity/Hub/Editor/2021.1.3f1/Editor/Data/MonoBleedingEdge/lib/mono/unityjit'
Mono config path = 'C:/Program Files/Unity/Hub/Editor/2021.1.3f1/Editor/Data/MonoBleedingEdge/etc'
Using monoOptions --debugger-agent=transport=dt_socket,embedding=1,server=y,suspend=n,address=127.0.0.1:56716
Begin MonoManager ReloadAssembly
Registering precompiled unity dll's ...
Register platform support module: C:/Program Files/Unity/Hub/Editor/2021.1.3f1/Editor/Data/PlaybackEngines/WindowsStandaloneSupport/UnityEditor.WindowsStandalone.Extensions.dll
Registered in 0.001769 seconds.
Native extension for WindowsStandalone target not found
Refreshing native plugins compatible for Editor in 82.57 ms, found 1 plugins.
Preloading 0 native plugins for Editor in 0.00 ms.
Mono: successfully reloaded assembly
- Completed reload, in  1.199 seconds
Platform modules already initialized, skipping
Registering precompiled user dll's ...
Registered in 0.003106 seconds.
Begin MonoManager ReloadAssembly
Native extension for WindowsStandalone target not found
Refreshing native plugins compatible for Editor in 0.47 ms, found 1 plugins.
Preloading 0 native plugins for Editor in 0.00 ms.
Mono: successfully reloaded assembly
- Completed reload, in  0.942 seconds
Platform modules already initialized, skipping
========================================================================
Worker process is ready to serve import requests
Launched and connected shader compiler UnityShaderCompiler.exe after 0.04 seconds
Refreshing native plugins compatible for Editor in 0.48 ms, found 1 plugins.
Preloading 0 native plugins for Editor in 0.00 ms.
Unloading 3054 Unused Serialized files (Serialized files now loaded: 0)
System memory in use before: 113.9 MB.
System memory in use after: 114.0 MB.

Unloading 16 unused Assets to reduce memory usage. Loaded Objects now: 3507.
Total: 2.933700 ms (FindLiveObjects: 0.506100 ms CreateObjectMapping: 0.354200 ms MarkObjects: 1.895000 ms  DeleteObjects: 0.176900 ms)

========================================================================
Received Import Request.
  path: Assets/Prefabs/Unit.prefab
  artifactKey: Guid(4b734492017c2eb419358ca8a7f41f95) Importer(815301076,1909f56bfc062723c751e8b465ee728b)
Start importing Assets/Prefabs/Unit.prefab using Guid(4b734492017c2eb419358ca8a7f41f95) Importer(815301076,1909f56bfc062723c751e8b465ee728b)  -> (artifact id: '92a4cd313dc8805d81baca333c2ec05c') in 0.130521 seconds 
========================================================================
Received Import Request.
  Time since last request: 0.000370 seconds.
  path: Assets/Prefabs/Enemy Unit Variant.prefab
  artifactKey: Guid(a5bae21c7369e86429d667e72d075c8f) Importer(815301076,1909f56bfc062723c751e8b465ee728b)
Start importing Assets/Prefabs/Enemy Unit Variant.prefab using Guid(a5bae21c7369e86429d667e72d075c8f) Importer(815301076,1909f56bfc062723c751e8b465ee728b)  -> (artifact id: '06e1911649983a5f566b68d24d478491') in 0.014990 seconds 
========================================================================
Received Prepare
Refreshing native plugins compatible for Editor in 2.18 ms, found 1 plugins.
Preloading 0 native plugins for Editor in 0.00 ms.
Unloading 9 Unused Serialized files (Serialized files now loaded: 0)
System memory in use before: 55.9 MB.
System memory in use after: 56.1 MB.

Unloading 9 unused Assets to reduce memory usage. Loaded Objects now: 3515.
Total: 2.351100 ms (FindLiveObjects: 0.235400 ms CreateObjectMapping: 0.153100 ms MarkObjects: 1.864700 ms  DeleteObjects: 0.097100 ms)

========================================================================
Received Import Request.
  Time since last request: 4.621422 seconds.
  path: Assets/Prefabs/Bullet.prefab
  artifactKey: Guid(d0d4096a617577a488c6c5b58eadd83b) Importer(815301076,1909f56bfc062723c751e8b465ee728b)
Start importing Assets/Prefabs/Bullet.prefab using Guid(d0d4096a617577a488c6c5b58eadd83b) Importer(815301076,1909f56bfc062723c751e8b465ee728b)  -> (artifact id: '3b23ccef3b91c914d0e69b59445b0075') in 0.013757 seconds 
========================================================================
Received Import Request.
  Time since last request: 1.370356 seconds.
  path: Assets/Prefabs/Bullet.prefab
  artifactKey: Guid(d0d4096a617577a488c6c5b58eadd83b) Importer(815301076,1909f56bfc062723c751e8b465ee728b)
Start importing Assets/Prefabs/Bullet.prefab using Guid(d0d4096a617577a488c6c5b58eadd83b) Importer(815301076,1909f56bfc062723c751e8b465ee728b)  -> (artifact id: 'f0a5695ffaf21473c5640c25655a0ae8') in 0.010502 seconds 
========================================================================
Received Import Request.
  Time since last request: 2.002110 seconds.
  path: Assets/Prefabs/Bullet.prefab
  artifactKey: Guid(d0d4096a617577a488c6c5b58eadd83b) Importer(815301076,1909f56bfc062723c751e8b465ee728b)
Start importing Assets/Prefabs/Bullet.prefab using Guid(d0d4096a617577a488c6c5b58eadd83b) Importer(815301076,1909f56bfc062723c751e8b465ee728b)  -> (artifact id: 'f4cf6d441a0953c8252b76fc491d6814') in 0.006986 seconds 
========================================================================
Received Prepare
Registering precompiled user dll's ...
Registered in 0.005280 seconds.
Begin MonoManager ReloadAssembly
Native extension for WindowsStandalone target not found
Refreshing native plugins compatible for Editor in 0.61 ms, found 1 plugins.
Preloading 0 native plugins for Editor in 0.00 ms.
Mono: successfully reloaded assembly
- Completed reload, in  0.935 seconds
Platform modules already initialized, skipping
Refreshing native plugins compatible for Editor in 0.54 ms, found 1 plugins.
Preloading 0 native plugins for Editor in 0.00 ms.
Unloading 3030 Unused Serialized files (Serialized files now loaded: 0)
System memory in use before: 115.6 MB.
System memory in use after: 115.8 MB.

Unloading 12 unused Assets to reduce memory usage. Loaded Objects now: 3519.
Total: 2.648200 ms (FindLiveObjects: 0.302800 ms CreateObjectMapping: 0.167700 ms MarkObjects: 2.077500 ms  DeleteObjects: 0.098600 ms)

========================================================================
Received Prepare
Registering precompiled user dll's ...
Registered in 0.003340 seconds.
Begin MonoManager ReloadAssembly
Native extension for WindowsStandalone target not found
Refreshing native plugins compatible for Editor in 0.49 ms, found 1 plugins.
Preloading 0 native plugins for Editor in 0.00 ms.
Mono: successfully reloaded assembly
- Completed reload, in  1.002 seconds
Platform modules already initialized, skipping
Refreshing native plugins compatible for Editor in 0.57 ms, found 1 plugins.
Preloading 0 native plugins for Editor in 0.00 ms.
Unloading 3030 Unused Serialized files (Serialized files now loaded: 0)
System memory in use before: 115.7 MB.
System memory in use after: 115.9 MB.

Unloading 11 unused Assets to reduce memory usage. Loaded Objects now: 3522.
Total: 2.342500 ms (FindLiveObjects: 0.357400 ms CreateObjectMapping: 0.186300 ms MarkObjects: 1.701800 ms  DeleteObjects: 0.096100 ms)

========================================================================
Received Prepare
Registering precompiled user dll's ...
Registered in 0.004063 seconds.
Begin MonoManager ReloadAssembly
Native extension for WindowsStandalone target not found
Refreshing native plugins compatible for Editor in 0.49 ms, found 1 plugins.
Preloading 0 native plugins for Editor in 0.00 ms.
Mono: successfully reloaded assembly
- Completed reload, in  0.877 seconds
Platform modules already initialized, skipping
Refreshing native plugins compatible for Editor in 0.48 ms, found 1 plugins.
Preloading 0 native plugins for Editor in 0.00 ms.
Unloading 3030 Unused Serialized files (Serialized files now loaded: 0)
System memory in use before: 115.7 MB.
System memory in use after: 115.9 MB.

Unloading 11 unused Assets to reduce memory usage. Loaded Objects now: 3525.
Total: 2.526300 ms (FindLiveObjects: 0.288800 ms CreateObjectMapping: 0.251800 ms MarkObjects: 1.874200 ms  DeleteObjects: 0.110300 ms)

========================================================================
Received Import Request.
  Time since last request: 300.394022 seconds.
  path: Assets/Scripts/Projectile.cs
  artifactKey: Guid(8159fb06d6ab9474ea3a7e43d38c0826) Importer(815301076,1909f56bfc062723c751e8b465ee728b)
Start importing Assets/Scripts/Projectile.cs using Guid(8159fb06d6ab9474ea3a7e43d38c0826) Importer(815301076,1909f56bfc062723c751e8b465ee728b)  -> (artifact id: 'fe15924ee6dd4a2308ced409dadc1abf') in 0.021862 seconds 
========================================================================
Received Prepare
Registering precompiled user dll's ...
Registered in 0.002987 seconds.
Begin MonoManager ReloadAssembly
Native extension for WindowsStandalone target not found
Refreshing native plugins compatible for Editor in 0.48 ms, found 1 plugins.
Preloading 0 native plugins for Editor in 0.00 ms.
Mono: successfully reloaded assembly
- Completed reload, in  0.904 seconds
Platform modules already initialized, skipping
Refreshing native plugins compatible for Editor in 0.61 ms, found 1 plugins.
Preloading 0 native plugins for Editor in 0.00 ms.
Unloading 3031 Unused Serialized files (Serialized files now loaded: 0)
System memory in use before: 115.8 MB.
System memory in use after: 115.9 MB.

Unloading 11 unused Assets to reduce memory usage. Loaded Objects now: 3529.
Total: 2.497100 ms (FindLiveObjects: 0.383100 ms CreateObjectMapping: 0.223000 ms MarkObjects: 1.809700 ms  DeleteObjects: 0.079600 ms)

========================================================================
Received Import Request.
  Time since last request: 432.882506 seconds.
  path: Assets/Scripts/Projectile.cs
  artifactKey: Guid(8159fb06d6ab9474ea3a7e43d38c0826) Importer(815301076,1909f56bfc062723c751e8b465ee728b)
Start importing Assets/Scripts/Projectile.cs using Guid(8159fb06d6ab9474ea3a7e43d38c0826) Importer(815301076,1909f56bfc062723c751e8b465ee728b)  -> (artifact id: 'd8548b6e563f131f52066c94bcc232b5') in 0.005587 seconds 
========================================================================
Received Prepare
Registering precompiled user dll's ...
Registered in 0.004453 seconds.
Begin MonoManager ReloadAssembly
Native extension for WindowsStandalone target not found
Refreshing native plugins compatible for Editor in 0.74 ms, found 1 plugins.
Preloading 0 native plugins for Editor in 0.00 ms.
Mono: successfully reloaded assembly
- Completed reload, in  0.890 seconds
Platform modules already initialized, skipping
Refreshing native plugins compatible for Editor in 0.51 ms, found 1 plugins.
Preloading 0 native plugins for Editor in 0.00 ms.
Unloading 3031 Unused Serialized files (Serialized files now loaded: 0)
System memory in use before: 115.8 MB.
System memory in use after: 115.9 MB.

Unloading 11 unused Assets to reduce memory usage. Loaded Objects now: 3532.
Total: 2.345800 ms (FindLiveObjects: 0.279700 ms CreateObjectMapping: 0.155600 ms MarkObjects: 1.821400 ms  DeleteObjects: 0.088000 ms)

========================================================================
Received Prepare
Registering precompiled user dll's ...
Registered in 0.003191 seconds.
Begin MonoManager ReloadAssembly
Native extension for WindowsStandalone target not found
Refreshing native plugins compatible for Editor in 0.49 ms, found 1 plugins.
Preloading 0 native plugins for Editor in 0.00 ms.
Mono: successfully reloaded assembly
- Completed reload, in  0.895 seconds
Platform modules already initialized, skipping
Refreshing native plugins compatible for Editor in 0.63 ms, found 1 plugins.
Preloading 0 native plugins for Editor in 0.00 ms.
Unloading 3031 Unused Serialized files (Serialized files now loaded: 0)
System memory in use before: 115.8 MB.
System memory in use after: 115.9 MB.

Unloading 11 unused Assets to reduce memory usage. Loaded Objects now: 3535.
Total: 2.720200 ms (FindLiveObjects: 0.391800 ms CreateObjectMapping: 0.276700 ms MarkObjects: 1.971000 ms  DeleteObjects: 0.079200 ms)

========================================================================
Received Prepare
Registering precompiled user dll's ...
Registered in 0.004761 seconds.
Begin MonoManager ReloadAssembly
Native extension for WindowsStandalone target not found
Refreshing native plugins compatible for Editor in 0.64 ms, found 1 plugins.
Preloading 0 native plugins for Editor in 0.00 ms.
Mono: successfully reloaded assembly
- Completed reload, in  0.887 seconds
Platform modules already initialized, skipping
Refreshing native plugins compatible for Editor in 0.48 ms, found 1 plugins.
Preloading 0 native plugins for Editor in 0.00 ms.
Unloading 3032 Unused Serialized files (Serialized files now loaded: 0)
System memory in use before: 115.8 MB.
System memory in use after: 116.0 MB.

Unloading 11 unused Assets to reduce memory usage. Loaded Objects now: 3539.
Total: 2.286200 ms (FindLiveObjects: 0.342300 ms CreateObjectMapping: 0.219800 ms MarkObjects: 1.614400 ms  DeleteObjects: 0.108600 ms)

========================================================================
Received Import Request.
  Time since last request: 632.998095 seconds.
  path: Assets/GameManager.cs
  artifactKey: Guid(5140b9ce2fa3a82488c790b848a75d36) Importer(815301076,1909f56bfc062723c751e8b465ee728b)
Start importing Assets/GameManager.cs using Guid(5140b9ce2fa3a82488c790b848a75d36) Importer(815301076,1909f56bfc062723c751e8b465ee728b)  -> (artifact id: '348d7fc1b52ef78a9713a407a16d2e11') in 0.012342 seconds 
========================================================================
Received Prepare
Registering precompiled user dll's ...
Registered in 0.002909 seconds.
Begin MonoManager ReloadAssembly
Native extension for WindowsStandalone target not found
Refreshing native plugins compatible for Editor in 0.62 ms, found 1 plugins.
Preloading 0 native plugins for Editor in 0.00 ms.
Mono: successfully reloaded assembly
- Completed reload, in  0.896 seconds
Platform modules already initialized, skipping
Refreshing native plugins compatible for Editor in 0.71 ms, found 1 plugins.
Preloading 0 native plugins for Editor in 0.00 ms.
Unloading 3032 Unused Serialized files (Serialized files now loaded: 0)
System memory in use before: 115.8 MB.
System memory in use after: 116.0 MB.

Unloading 11 unused Assets to reduce memory usage. Loaded Objects now: 3542.
Total: 2.759700 ms (FindLiveObjects: 0.382000 ms CreateObjectMapping: 0.229300 ms MarkObjects: 2.059200 ms  DeleteObjects: 0.087800 ms)

========================================================================
Received Import Request.
  Time since last request: 40.637404 seconds.
  path: Assets/GameManager.cs
  artifactKey: Guid(5140b9ce2fa3a82488c790b848a75d36) Importer(815301076,1909f56bfc062723c751e8b465ee728b)
Start importing Assets/GameManager.cs using Guid(5140b9ce2fa3a82488c790b848a75d36) Importer(815301076,1909f56bfc062723c751e8b465ee728b)  -> (artifact id: '963cb931680120a58b4bd49cce6fd21e') in 0.005679 seconds 
========================================================================
Received Prepare
Registering precompiled user dll's ...
Registered in 0.004928 seconds.
Begin MonoManager ReloadAssembly
Native extension for WindowsStandalone target not found
Refreshing native plugins compatible for Editor in 0.49 ms, found 1 plugins.
Preloading 0 native plugins for Editor in 0.00 ms.
Mono: successfully reloaded assembly
- Completed reload, in  0.867 seconds
Platform modules already initialized, skipping
Refreshing native plugins compatible for Editor in 0.61 ms, found 1 plugins.
Preloading 0 native plugins for Editor in 0.00 ms.
Unloading 3032 Unused Serialized files (Serialized files now loaded: 0)
System memory in use before: 115.8 MB.
System memory in use after: 116.0 MB.

Unloading 11 unused Assets to reduce memory usage. Loaded Objects now: 3545.
Total: 2.471400 ms (FindLiveObjects: 0.402800 ms CreateObjectMapping: 0.233100 ms MarkObjects: 1.709200 ms  DeleteObjects: 0.124800 ms)

========================================================================
Received Prepare
Registering precompiled user dll's ...
Registered in 0.002978 seconds.
Begin MonoManager ReloadAssembly
Native extension for WindowsStandalone target not found
Refreshing native plugins compatible for Editor in 0.48 ms, found 1 plugins.
Preloading 0 native plugins for Editor in 0.00 ms.
Mono: successfully reloaded assembly
- Completed reload, in  0.896 seconds
Platform modules already initialized, skipping
Refreshing native plugins compatible for Editor in 0.53 ms, found 1 plugins.
Preloading 0 native plugins for Editor in 0.00 ms.
Unloading 3032 Unused Serialized files (Serialized files now loaded: 0)
System memory in use before: 115.8 MB.
System memory in use after: 116.0 MB.

Unloading 11 unused Assets to reduce memory usage. Loaded Objects now: 3548.
Total: 2.917000 ms (FindLiveObjects: 0.270700 ms CreateObjectMapping: 0.179900 ms MarkObjects: 2.367900 ms  DeleteObjects: 0.096900 ms)

========================================================================
Received Prepare
Registering precompiled user dll's ...
Registered in 0.003586 seconds.
Begin MonoManager ReloadAssembly
Native extension for WindowsStandalone target not found
Refreshing native plugins compatible for Editor in 0.49 ms, found 1 plugins.
Preloading 0 native plugins for Editor in 0.00 ms.
Mono: successfully reloaded assembly
- Completed reload, in  0.900 seconds
Platform modules already initialized, skipping
Refreshing native plugins compatible for Editor in 0.65 ms, found 1 plugins.
Preloading 0 native plugins for Editor in 0.00 ms.
Unloading 3032 Unused Serialized files (Serialized files now loaded: 0)
System memory in use before: 115.8 MB.
System memory in use after: 116.0 MB.

Unloading 11 unused Assets to reduce memory usage. Loaded Objects now: 3551.
Total: 2.427000 ms (FindLiveObjects: 0.256800 ms CreateObjectMapping: 0.198000 ms MarkObjects: 1.891700 ms  DeleteObjects: 0.079000 ms)

========================================================================
Received Import Request.
  Time since last request: 742.270949 seconds.
  path: Assets/Faction.cs
  artifactKey: Guid(c7328d89ba023d54ebfb0eed63fa01e9) Importer(815301076,1909f56bfc062723c751e8b465ee728b)
Start importing Assets/Faction.cs using Guid(c7328d89ba023d54ebfb0eed63fa01e9) Importer(815301076,1909f56bfc062723c751e8b465ee728b)  -> (artifact id: 'f9720984685d89325392355f9f0fd52c') in 0.011046 seconds 
========================================================================
Received Prepare
Registering precompiled user dll's ...
Registered in 0.003151 seconds.
Begin MonoManager ReloadAssembly
Native extension for WindowsStandalone target not found
Refreshing native plugins compatible for Editor in 0.50 ms, found 1 plugins.
Preloading 0 native plugins for Editor in 0.00 ms.
Mono: successfully reloaded assembly
- Completed reload, in  0.921 seconds
Platform modules already initialized, skipping
Refreshing native plugins compatible for Editor in 0.64 ms, found 1 plugins.
Preloading 0 native plugins for Editor in 0.00 ms.
Unloading 3032 Unused Serialized files (Serialized files now loaded: 0)
System memory in use before: 115.9 MB.
System memory in use after: 116.0 MB.

Unloading 11 unused Assets to reduce memory usage. Loaded Objects now: 3554.
Total: 2.521900 ms (FindLiveObjects: 0.395100 ms CreateObjectMapping: 0.253600 ms MarkObjects: 1.752200 ms  DeleteObjects: 0.119600 ms)

========================================================================
Received Import Request.
  Time since last request: 71.896610 seconds.
  path: Assets/UnitFaction.cs
  artifactKey: Guid(42ab7d2454139c343a58693fd5c74db4) Importer(815301076,1909f56bfc062723c751e8b465ee728b)
Start importing Assets/UnitFaction.cs using Guid(42ab7d2454139c343a58693fd5c74db4) Importer(815301076,1909f56bfc062723c751e8b465ee728b)  -> (artifact id: '7c697c7548d4ab47059900619e869b2b') in 0.010452 seconds 
========================================================================
Received Prepare
Registering precompiled user dll's ...
Registered in 0.002851 seconds.
Begin MonoManager ReloadAssembly
Native extension for WindowsStandalone target not found
Refreshing native plugins compatible for Editor in 0.47 ms, found 1 plugins.
Preloading 0 native plugins for Editor in 0.00 ms.
Mono: successfully reloaded assembly
- Completed reload, in  0.924 seconds
Platform modules already initialized, skipping
Refreshing native plugins compatible for Editor in 0.49 ms, found 1 plugins.
Preloading 0 native plugins for Editor in 0.00 ms.
Unloading 3033 Unused Serialized files (Serialized files now loaded: 0)
System memory in use before: 115.9 MB.
System memory in use after: 116.0 MB.

Unloading 11 unused Assets to reduce memory usage. Loaded Objects now: 3558.
Total: 2.409600 ms (FindLiveObjects: 0.356100 ms CreateObjectMapping: 0.218100 ms MarkObjects: 1.704500 ms  DeleteObjects: 0.129800 ms)

========================================================================
Received Import Request.
  Time since last request: 75.443301 seconds.
  path: Assets/UnitFaction.cs
  artifactKey: Guid(42ab7d2454139c343a58693fd5c74db4) Importer(815301076,1909f56bfc062723c751e8b465ee728b)
Start importing Assets/UnitFaction.cs using Guid(42ab7d2454139c343a58693fd5c74db4) Importer(815301076,1909f56bfc062723c751e8b465ee728b)  -> (artifact id: '9e7146ca3acc13fb321304441c6b67f8') in 0.006698 seconds 
========================================================================
Received Import Request.
  Time since last request: 158.492938 seconds.
  path: Assets/GameManager.cs
  artifactKey: Guid(5140b9ce2fa3a82488c790b848a75d36) Importer(815301076,1909f56bfc062723c751e8b465ee728b)
Start importing Assets/GameManager.cs using Guid(5140b9ce2fa3a82488c790b848a75d36) Importer(815301076,1909f56bfc062723c751e8b465ee728b)  -> (artifact id: '69a02b0f726b7475faeea50537707526') in 0.002715 seconds 
========================================================================
Received Import Request.
  Time since last request: 9.960976 seconds.
  path: Assets/Scripts/Unit.cs
  artifactKey: Guid(82c7a218f29ef3446a7107651bfccec3) Importer(815301076,1909f56bfc062723c751e8b465ee728b)
Start importing Assets/Scripts/Unit.cs using Guid(82c7a218f29ef3446a7107651bfccec3) Importer(815301076,1909f56bfc062723c751e8b465ee728b)  -> (artifact id: '00000000000000000000000000000000') in 0.000325 seconds  code(4) message(Build asset version error: assets/scripts/unit.cs in SourceAssetDB has modification time of '2023-06-08T00:32:26.6302763Z' while content on disk has modification time of '2023-06-08T00:57:22.8577622Z')
  ERROR: Build asset version error: assets/scripts/unit.cs in SourceAssetDB has modification time of '2023-06-08T00:32:26.6302763Z' while content on disk has modification time of '2023-06-08T00:57:22.8577622Z'
========================================================================
Received Prepare
Registering precompiled user dll's ...
Registered in 0.003187 seconds.
Begin MonoManager ReloadAssembly
Native extension for WindowsStandalone target not found
Refreshing native plugins compatible for Editor in 0.48 ms, found 1 plugins.
Preloading 0 native plugins for Editor in 0.00 ms.
Mono: successfully reloaded assembly
- Completed reload, in  8.006 seconds
Platform modules already initialized, skipping
Refreshing native plugins compatible for Editor in 0.50 ms, found 1 plugins.
Preloading 0 native plugins for Editor in 0.00 ms.
Unloading 3032 Unused Serialized files (Serialized files now loaded: 0)
System memory in use before: 115.9 MB.
System memory in use after: 116.0 MB.

Unloading 12 unused Assets to reduce memory usage. Loaded Objects now: 3560.
Total: 2.704300 ms (FindLiveObjects: 0.314900 ms CreateObjectMapping: 0.200000 ms MarkObjects: 2.077000 ms  DeleteObjects: 0.110500 ms)

========================================================================
Received Import Request.
  Time since last request: 43.040732 seconds.
  path: Assets/Scripts/Unit.cs
  artifactKey: Guid(82c7a218f29ef3446a7107651bfccec3) Importer(815301076,1909f56bfc062723c751e8b465ee728b)
Start importing Assets/Scripts/Unit.cs using Guid(82c7a218f29ef3446a7107651bfccec3) Importer(815301076,1909f56bfc062723c751e8b465ee728b)  -> (artifact id: 'ddf891d4f1873ee545414ae07610d0ae') in 0.008697 seconds 
========================================================================
Received Import Request.
  Time since last request: 27.872976 seconds.
  path: Assets/Scripts/ThisFaction.cs
  artifactKey: Guid(2373b945da1b33f489608a20b0a09ffa) Importer(815301076,1909f56bfc062723c751e8b465ee728b)
Start importing Assets/Scripts/ThisFaction.cs using Guid(2373b945da1b33f489608a20b0a09ffa) Importer(815301076,1909f56bfc062723c751e8b465ee728b)  -> (artifact id: 'ff1b3b7dc96b8b1d385651371db0e9e5') in 0.008771 seconds 
========================================================================
Received Prepare
Registering precompiled user dll's ...
Registered in 0.022919 seconds.
Begin MonoManager ReloadAssembly
Native extension for WindowsStandalone target not found
Refreshing native plugins compatible for Editor in 0.82 ms, found 1 plugins.
Preloading 0 native plugins for Editor in 0.00 ms.
Mono: successfully reloaded assembly
- Completed reload, in  0.855 seconds
Platform modules already initialized, skipping
Refreshing native plugins compatible for Editor in 0.48 ms, found 1 plugins.
Preloading 0 native plugins for Editor in 0.00 ms.
Unloading 3033 Unused Serialized files (Serialized files now loaded: 0)
System memory in use before: 115.9 MB.
System memory in use after: 116.1 MB.

Unloading 11 unused Assets to reduce memory usage. Loaded Objects now: 3564.
Total: 2.937300 ms (FindLiveObjects: 0.361500 ms CreateObjectMapping: 0.263200 ms MarkObjects: 2.200900 ms  DeleteObjects: 0.110400 ms)

========================================================================
Received Import Request.
  Time since last request: 58.504773 seconds.
  path: Assets/Scripts/ThisFaction.cs
  artifactKey: Guid(2373b945da1b33f489608a20b0a09ffa) Importer(815301076,1909f56bfc062723c751e8b465ee728b)
Start importing Assets/Scripts/ThisFaction.cs using Guid(2373b945da1b33f489608a20b0a09ffa) Importer(815301076,1909f56bfc062723c751e8b465ee728b)  -> (artifact id: '22423101a041dba17d4a0ef11b0c1a89') in 0.005262 seconds 
========================================================================
Received Prepare
Registering precompiled user dll's ...
Registered in 0.004262 seconds.
Begin MonoManager ReloadAssembly
Native extension for WindowsStandalone target not found
Refreshing native plugins compatible for Editor in 0.49 ms, found 1 plugins.
Preloading 0 native plugins for Editor in 0.00 ms.
Mono: successfully reloaded assembly
- Completed reload, in  0.881 seconds
Platform modules already initialized, skipping
Refreshing native plugins compatible for Editor in 0.64 ms, found 1 plugins.
Preloading 0 native plugins for Editor in 0.00 ms.
Unloading 3033 Unused Serialized files (Serialized files now loaded: 0)
System memory in use before: 115.9 MB.
System memory in use after: 116.1 MB.

Unloading 11 unused Assets to reduce memory usage. Loaded Objects now: 3567.
Total: 2.999300 ms (FindLiveObjects: 0.438000 ms CreateObjectMapping: 0.249300 ms MarkObjects: 2.179900 ms  DeleteObjects: 0.130200 ms)

========================================================================
Received Prepare
Registering precompiled user dll's ...
Registered in 0.003446 seconds.
Begin MonoManager ReloadAssembly
Native extension for WindowsStandalone target not found
Refreshing native plugins compatible for Editor in 0.48 ms, found 1 plugins.
Preloading 0 native plugins for Editor in 0.00 ms.
Mono: successfully reloaded assembly
- Completed reload, in  0.870 seconds
Platform modules already initialized, skipping
Refreshing native plugins compatible for Editor in 0.59 ms, found 1 plugins.
Preloading 0 native plugins for Editor in 0.00 ms.
Unloading 3033 Unused Serialized files (Serialized files now loaded: 0)
System memory in use before: 115.9 MB.
System memory in use after: 116.1 MB.

Unloading 11 unused Assets to reduce memory usage. Loaded Objects now: 3570.
Total: 2.545800 ms (FindLiveObjects: 0.326700 ms CreateObjectMapping: 0.165000 ms MarkObjects: 1.964900 ms  DeleteObjects: 0.080600 ms)

========================================================================
Received Prepare
Registering precompiled user dll's ...
Registered in 0.002893 seconds.
Begin MonoManager ReloadAssembly
Native extension for WindowsStandalone target not found
Refreshing native plugins compatible for Editor in 0.49 ms, found 1 plugins.
Preloading 0 native plugins for Editor in 0.00 ms.
Mono: successfully reloaded assembly
- Completed reload, in  0.826 seconds
Platform modules already initialized, skipping
Refreshing native plugins compatible for Editor in 0.48 ms, found 1 plugins.
Preloading 0 native plugins for Editor in 0.00 ms.
Unloading 3033 Unused Serialized files (Serialized files now loaded: 0)
System memory in use before: 115.9 MB.
System memory in use after: 116.1 MB.

Unloading 11 unused Assets to reduce memory usage. Loaded Objects now: 3573.
Total: 2.632900 ms (FindLiveObjects: 0.440200 ms CreateObjectMapping: 0.333900 ms MarkObjects: 1.708800 ms  DeleteObjects: 0.148500 ms)

========================================================================
Received Prepare
Registering precompiled user dll's ...
Registered in 0.003100 seconds.
Begin MonoManager ReloadAssembly
Native extension for WindowsStandalone target not found
Refreshing native plugins compatible for Editor in 0.48 ms, found 1 plugins.
Preloading 0 native plugins for Editor in 0.00 ms.
Mono: successfully reloaded assembly
- Completed reload, in  0.852 seconds
Platform modules already initialized, skipping
Refreshing native plugins compatible for Editor in 0.76 ms, found 1 plugins.
Preloading 0 native plugins for Editor in 0.00 ms.
Unloading 3033 Unused Serialized files (Serialized files now loaded: 0)
System memory in use before: 115.9 MB.
System memory in use after: 116.1 MB.

Unloading 11 unused Assets to reduce memory usage. Loaded Objects now: 3576.
Total: 2.816800 ms (FindLiveObjects: 0.488500 ms CreateObjectMapping: 0.331900 ms MarkObjects: 1.904100 ms  DeleteObjects: 0.090700 ms)

========================================================================
Received Prepare
Registering precompiled user dll's ...
Registered in 0.003800 seconds.
Begin MonoManager ReloadAssembly
Native extension for WindowsStandalone target not found
Refreshing native plugins compatible for Editor in 0.58 ms, found 1 plugins.
Preloading 0 native plugins for Editor in 0.00 ms.
Mono: successfully reloaded assembly
- Completed reload, in  1.043 seconds
Platform modules already initialized, skipping
Refreshing native plugins compatible for Editor in 0.50 ms, found 1 plugins.
Preloading 0 native plugins for Editor in 0.00 ms.
Unloading 3033 Unused Serialized files (Serialized files now loaded: 0)
System memory in use before: 115.9 MB.
System memory in use after: 116.1 MB.

Unloading 11 unused Assets to reduce memory usage. Loaded Objects now: 3579.
Total: 2.850300 ms (FindLiveObjects: 0.278300 ms CreateObjectMapping: 0.193200 ms MarkObjects: 2.290700 ms  DeleteObjects: 0.086700 ms)

========================================================================
Received Prepare
Registering precompiled user dll's ...
Registered in 0.003015 seconds.
Begin MonoManager ReloadAssembly
Native extension for WindowsStandalone target not found
Refreshing native plugins compatible for Editor in 0.53 ms, found 1 plugins.
Preloading 0 native plugins for Editor in 0.00 ms.
Mono: successfully reloaded assembly
- Completed reload, in  0.910 seconds
Platform modules already initialized, skipping
Refreshing native plugins compatible for Editor in 0.69 ms, found 1 plugins.
Preloading 0 native plugins for Editor in 0.00 ms.
Unloading 3033 Unused Serialized files (Serialized files now loaded: 0)
System memory in use before: 116.0 MB.
System memory in use after: 116.1 MB.

Unloading 11 unused Assets to reduce memory usage. Loaded Objects now: 3582.
Total: 2.673100 ms (FindLiveObjects: 0.345200 ms CreateObjectMapping: 0.199800 ms MarkObjects: 2.019400 ms  DeleteObjects: 0.106700 ms)

========================================================================
Received Import Request.
  Time since last request: 2713.270619 seconds.
  path: Assets/Scripts/UnitMovement.cs
  artifactKey: Guid(2777f6ae77a50de40b16113e946c1dbc) Importer(815301076,1909f56bfc062723c751e8b465ee728b)
Start importing Assets/Scripts/UnitMovement.cs using Guid(2777f6ae77a50de40b16113e946c1dbc) Importer(815301076,1909f56bfc062723c751e8b465ee728b)  -> (artifact id: 'b7b7d5d558bbe2758eddc3f5566f533b') in 0.013589 seconds 
========================================================================
Received Prepare
Registering precompiled user dll's ...
Registered in 0.002966 seconds.
Begin MonoManager ReloadAssembly
Native extension for WindowsStandalone target not found
Refreshing native plugins compatible for Editor in 0.53 ms, found 1 plugins.
Preloading 0 native plugins for Editor in 0.00 ms.
Mono: successfully reloaded assembly
- Completed reload, in  0.825 seconds
Platform modules already initialized, skipping
Refreshing native plugins compatible for Editor in 0.48 ms, found 1 plugins.
Preloading 0 native plugins for Editor in 0.00 ms.
Unloading 3034 Unused Serialized files (Serialized files now loaded: 0)
System memory in use before: 116.0 MB.
System memory in use after: 116.1 MB.

Unloading 11 unused Assets to reduce memory usage. Loaded Objects now: 3586.
Total: 2.246400 ms (FindLiveObjects: 0.370200 ms CreateObjectMapping: 0.161500 ms MarkObjects: 1.584200 ms  DeleteObjects: 0.129500 ms)

========================================================================
Received Import Request.
  Time since last request: 24.354775 seconds.
  path: Assets/Scripts/Unit.cs
  artifactKey: Guid(82c7a218f29ef3446a7107651bfccec3) Importer(815301076,1909f56bfc062723c751e8b465ee728b)
Start importing Assets/Scripts/Unit.cs using Guid(82c7a218f29ef3446a7107651bfccec3) Importer(815301076,1909f56bfc062723c751e8b465ee728b)  -> (artifact id: '063f9fcd476ed4d0f32ae1e8af1b109e') in 0.015680 seconds 
========================================================================
Received Prepare
Registering precompiled user dll's ...
Registered in 0.002895 seconds.
Begin MonoManager ReloadAssembly
Native extension for WindowsStandalone target not found
Refreshing native plugins compatible for Editor in 0.48 ms, found 1 plugins.
Preloading 0 native plugins for Editor in 0.00 ms.
Mono: successfully reloaded assembly
- Completed reload, in  0.927 seconds
Platform modules already initialized, skipping
Refreshing native plugins compatible for Editor in 0.50 ms, found 1 plugins.
Preloading 0 native plugins for Editor in 0.00 ms.
Unloading 3034 Unused Serialized files (Serialized files now loaded: 0)
System memory in use before: 116.0 MB.
System memory in use after: 116.2 MB.

Unloading 11 unused Assets to reduce memory usage. Loaded Objects now: 3589.
Total: 2.405000 ms (FindLiveObjects: 0.307100 ms CreateObjectMapping: 0.172800 ms MarkObjects: 1.836900 ms  DeleteObjects: 0.086900 ms)

========================================================================
Received Import Request.
  Time since last request: 173.419671 seconds.
  path: Assets/Scripts/Unit.cs
  artifactKey: Guid(82c7a218f29ef3446a7107651bfccec3) Importer(815301076,1909f56bfc062723c751e8b465ee728b)
Start importing Assets/Scripts/Unit.cs using Guid(82c7a218f29ef3446a7107651bfccec3) Importer(815301076,1909f56bfc062723c751e8b465ee728b)  -> (artifact id: 'f2a44a4a36c49f8f16e32a198f0877d2') in 0.006102 seconds 
========================================================================
Received Prepare
Registering precompiled user dll's ...
Registered in 0.003774 seconds.
Begin MonoManager ReloadAssembly
Native extension for WindowsStandalone target not found
Refreshing native plugins compatible for Editor in 0.48 ms, found 1 plugins.
Preloading 0 native plugins for Editor in 0.00 ms.
Mono: successfully reloaded assembly
- Completed reload, in  0.952 seconds
Platform modules already initialized, skipping
Refreshing native plugins compatible for Editor in 0.57 ms, found 1 plugins.
Preloading 0 native plugins for Editor in 0.00 ms.
Unloading 3034 Unused Serialized files (Serialized files now loaded: 0)
System memory in use before: 116.0 MB.
System memory in use after: 116.2 MB.

Unloading 11 unused Assets to reduce memory usage. Loaded Objects now: 3592.
Total: 3.056600 ms (FindLiveObjects: 0.260000 ms CreateObjectMapping: 0.164200 ms MarkObjects: 2.519600 ms  DeleteObjects: 0.111500 ms)

========================================================================
Received Prepare
Registering precompiled user dll's ...
Registered in 0.003705 seconds.
Begin MonoManager ReloadAssembly
Native extension for WindowsStandalone target not found
Refreshing native plugins compatible for Editor in 0.48 ms, found 1 plugins.
Preloading 0 native plugins for Editor in 0.00 ms.
Mono: successfully reloaded assembly
- Completed reload, in  0.915 seconds
Platform modules already initialized, skipping
Refreshing native plugins compatible for Editor in 0.85 ms, found 1 plugins.
Preloading 0 native plugins for Editor in 0.00 ms.
Unloading 3034 Unused Serialized files (Serialized files now loaded: 0)
System memory in use before: 116.0 MB.
System memory in use after: 116.2 MB.

Unloading 11 unused Assets to reduce memory usage. Loaded Objects now: 3595.
Total: 2.926600 ms (FindLiveObjects: 0.433600 ms CreateObjectMapping: 0.260000 ms MarkObjects: 2.142700 ms  DeleteObjects: 0.089400 ms)

========================================================================
Received Prepare
Registering precompiled user dll's ...
Registered in 0.004770 seconds.
Begin MonoManager ReloadAssembly
Native extension for WindowsStandalone target not found
Refreshing native plugins compatible for Editor in 0.48 ms, found 1 plugins.
Preloading 0 native plugins for Editor in 0.00 ms.
Mono: successfully reloaded assembly
- Completed reload, in  0.932 seconds
Platform modules already initialized, skipping
Refreshing native plugins compatible for Editor in 0.58 ms, found 1 plugins.
Preloading 0 native plugins for Editor in 0.00 ms.
Unloading 3034 Unused Serialized files (Serialized files now loaded: 0)
System memory in use before: 116.0 MB.
System memory in use after: 116.2 MB.

Unloading 11 unused Assets to reduce memory usage. Loaded Objects now: 3598.
Total: 4.491500 ms (FindLiveObjects: 0.418000 ms CreateObjectMapping: 1.361200 ms MarkObjects: 2.603400 ms  DeleteObjects: 0.107100 ms)

========================================================================
Received Prepare
Registering precompiled user dll's ...
Registered in 0.003406 seconds.
Begin MonoManager ReloadAssembly
Native extension for WindowsStandalone target not found
Refreshing native plugins compatible for Editor in 0.56 ms, found 1 plugins.
Preloading 0 native plugins for Editor in 0.00 ms.
Mono: successfully reloaded assembly
- Completed reload, in  0.923 seconds
Platform modules already initialized, skipping
Refreshing native plugins compatible for Editor in 0.49 ms, found 1 plugins.
Preloading 0 native plugins for Editor in 0.00 ms.
Unloading 3034 Unused Serialized files (Serialized files now loaded: 0)
System memory in use before: 116.0 MB.
System memory in use after: 116.2 MB.

Unloading 11 unused Assets to reduce memory usage. Loaded Objects now: 3601.
Total: 2.537300 ms (FindLiveObjects: 0.319600 ms CreateObjectMapping: 0.191700 ms MarkObjects: 1.921700 ms  DeleteObjects: 0.103500 ms)

========================================================================
Received Prepare
Registering precompiled user dll's ...
Registered in 0.003053 seconds.
Begin MonoManager ReloadAssembly
Native extension for WindowsStandalone target not found
Refreshing native plugins compatible for Editor in 0.51 ms, found 1 plugins.
Preloading 0 native plugins for Editor in 0.00 ms.
Mono: successfully reloaded assembly
- Completed reload, in  1.144 seconds
Platform modules already initialized, skipping
Refreshing native plugins compatible for Editor in 0.49 ms, found 1 plugins.
Preloading 0 native plugins for Editor in 0.00 ms.
Unloading 3035 Unused Serialized files (Serialized files now loaded: 0)
System memory in use before: 116.0 MB.
System memory in use after: 116.2 MB.

Unloading 11 unused Assets to reduce memory usage. Loaded Objects now: 3605.
Total: 2.728600 ms (FindLiveObjects: 0.313100 ms CreateObjectMapping: 0.218900 ms MarkObjects: 2.106000 ms  DeleteObjects: 0.089300 ms)

========================================================================
Received Import Request.
  Time since last request: 369.929086 seconds.
  path: Assets/Scripts/UnitShooting.cs
  artifactKey: Guid(b3e3e644a7ba4254b9a950b9826fb05d) Importer(815301076,1909f56bfc062723c751e8b465ee728b)
Start importing Assets/Scripts/UnitShooting.cs using Guid(b3e3e644a7ba4254b9a950b9826fb05d) Importer(815301076,1909f56bfc062723c751e8b465ee728b)  -> (artifact id: 'b58a0959474dc56de0f73c26f0d43239') in 0.013987 seconds 
========================================================================
Received Prepare
Registering precompiled user dll's ...
Registered in 0.002950 seconds.
Begin MonoManager ReloadAssembly
Native extension for WindowsStandalone target not found
Refreshing native plugins compatible for Editor in 0.51 ms, found 1 plugins.
Preloading 0 native plugins for Editor in 0.00 ms.
Mono: successfully reloaded assembly
- Completed reload, in  0.926 seconds
Platform modules already initialized, skipping
Refreshing native plugins compatible for Editor in 0.50 ms, found 1 plugins.
Preloading 0 native plugins for Editor in 0.00 ms.
Unloading 3035 Unused Serialized files (Serialized files now loaded: 0)
System memory in use before: 116.0 MB.
System memory in use after: 116.2 MB.

Unloading 11 unused Assets to reduce memory usage. Loaded Objects now: 3608.
Total: 2.688500 ms (FindLiveObjects: 0.295500 ms CreateObjectMapping: 0.167500 ms MarkObjects: 2.135400 ms  DeleteObjects: 0.089300 ms)

========================================================================
Received Prepare
Registering precompiled user dll's ...
Registered in 0.003538 seconds.
Begin MonoManager ReloadAssembly
Native extension for WindowsStandalone target not found
Refreshing native plugins compatible for Editor in 0.48 ms, found 1 plugins.
Preloading 0 native plugins for Editor in 0.00 ms.
Mono: successfully reloaded assembly
- Completed reload, in  0.908 seconds
Platform modules already initialized, skipping
Refreshing native plugins compatible for Editor in 0.51 ms, found 1 plugins.
Preloading 0 native plugins for Editor in 0.00 ms.
Unloading 3035 Unused Serialized files (Serialized files now loaded: 0)
System memory in use before: 116.1 MB.
System memory in use after: 116.2 MB.

Unloading 11 unused Assets to reduce memory usage. Loaded Objects now: 3611.
Total: 3.165500 ms (FindLiveObjects: 0.544100 ms CreateObjectMapping: 0.338100 ms MarkObjects: 2.200300 ms  DeleteObjects: 0.081300 ms)

========================================================================
Received Import Request.
  Time since last request: 428.009197 seconds.
  path: Assets/Scripts/UnitShooting.cs
  artifactKey: Guid(b3e3e644a7ba4254b9a950b9826fb05d) Importer(815301076,1909f56bfc062723c751e8b465ee728b)
Start importing Assets/Scripts/UnitShooting.cs using Guid(b3e3e644a7ba4254b9a950b9826fb05d) Importer(815301076,1909f56bfc062723c751e8b465ee728b)  -> (artifact id: 'c7722f108209c521237a12c0658bc195') in 0.005285 seconds 
========================================================================
Received Prepare
Registering precompiled user dll's ...
Registered in 0.003066 seconds.
Begin MonoManager ReloadAssembly
Native extension for WindowsStandalone target not found
Refreshing native plugins compatible for Editor in 0.58 ms, found 1 plugins.
Preloading 0 native plugins for Editor in 0.00 ms.
Mono: successfully reloaded assembly
- Completed reload, in  0.925 seconds
Platform modules already initialized, skipping
Refreshing native plugins compatible for Editor in 0.52 ms, found 1 plugins.
Preloading 0 native plugins for Editor in 0.00 ms.
Unloading 3035 Unused Serialized files (Serialized files now loaded: 0)
System memory in use before: 116.1 MB.
System memory in use after: 116.2 MB.

Unloading 11 unused Assets to reduce memory usage. Loaded Objects now: 3614.
Total: 2.572200 ms (FindLiveObjects: 0.275400 ms CreateObjectMapping: 0.156700 ms MarkObjects: 2.059700 ms  DeleteObjects: 0.079300 ms)

========================================================================
Received Import Request.
  Time since last request: 328.901830 seconds.
  path: Assets/Scripts/UnitDetection.cs
  artifactKey: Guid(daca38a5f97b71f4d8ae1a40bd2ac9aa) Importer(815301076,1909f56bfc062723c751e8b465ee728b)
Start importing Assets/Scripts/UnitDetection.cs using Guid(daca38a5f97b71f4d8ae1a40bd2ac9aa) Importer(815301076,1909f56bfc062723c751e8b465ee728b)  -> (artifact id: 'f0f6bdee0a3513a0597006a99a0ef2b8') in 0.010857 seconds 
========================================================================
Received Prepare
Registering precompiled user dll's ...
Registered in 0.003243 seconds.
Begin MonoManager ReloadAssembly
Native extension for WindowsStandalone target not found
Refreshing native plugins compatible for Editor in 0.60 ms, found 1 plugins.
Preloading 0 native plugins for Editor in 0.00 ms.
Mono: successfully reloaded assembly
- Completed reload, in  0.953 seconds
Platform modules already initialized, skipping
Refreshing native plugins compatible for Editor in 0.48 ms, found 1 plugins.
Preloading 0 native plugins for Editor in 0.00 ms.
Unloading 3036 Unused Serialized files (Serialized files now loaded: 0)
System memory in use before: 116.1 MB.
System memory in use after: 116.3 MB.

Unloading 11 unused Assets to reduce memory usage. Loaded Objects now: 3618.
Total: 2.511100 ms (FindLiveObjects: 0.547100 ms CreateObjectMapping: 0.249700 ms MarkObjects: 1.597900 ms  DeleteObjects: 0.115200 ms)

========================================================================
Received Import Request.
  Time since last request: 82.395182 seconds.
  path: Assets/Scripts/Unit.cs
  artifactKey: Guid(82c7a218f29ef3446a7107651bfccec3) Importer(815301076,1909f56bfc062723c751e8b465ee728b)
Start importing Assets/Scripts/Unit.cs using Guid(82c7a218f29ef3446a7107651bfccec3) Importer(815301076,1909f56bfc062723c751e8b465ee728b)  -> (artifact id: 'a58aba3eb1732aeae4365ad4f7d43c94') in 0.005871 seconds 
========================================================================
Received Prepare
Registering precompiled user dll's ...
Registered in 0.003537 seconds.
Begin MonoManager ReloadAssembly
Native extension for WindowsStandalone target not found
Refreshing native plugins compatible for Editor in 0.47 ms, found 1 plugins.
Preloading 0 native plugins for Editor in 0.00 ms.
Mono: successfully reloaded assembly
- Completed reload, in  0.930 seconds
Platform modules already initialized, skipping
Refreshing native plugins compatible for Editor in 0.48 ms, found 1 plugins.
Preloading 0 native plugins for Editor in 0.00 ms.
Unloading 3036 Unused Serialized files (Serialized files now loaded: 0)
System memory in use before: 116.1 MB.
System memory in use after: 116.3 MB.

Unloading 11 unused Assets to reduce memory usage. Loaded Objects now: 3621.
Total: 2.036400 ms (FindLiveObjects: 0.247500 ms CreateObjectMapping: 0.151800 ms MarkObjects: 1.558300 ms  DeleteObjects: 0.078000 ms)

========================================================================
Received Import Request.
  Time since last request: 121.472472 seconds.
  path: Assets/Scripts/Unit.cs
  artifactKey: Guid(82c7a218f29ef3446a7107651bfccec3) Importer(815301076,1909f56bfc062723c751e8b465ee728b)
Start importing Assets/Scripts/Unit.cs using Guid(82c7a218f29ef3446a7107651bfccec3) Importer(815301076,1909f56bfc062723c751e8b465ee728b)  -> (artifact id: 'cf58f395ee69e3af05efd2cb58b2a585') in 0.005098 seconds 
========================================================================
Received Prepare
Registering precompiled user dll's ...
Registered in 0.002866 seconds.
Begin MonoManager ReloadAssembly
Native extension for WindowsStandalone target not found
Refreshing native plugins compatible for Editor in 0.47 ms, found 1 plugins.
Preloading 0 native plugins for Editor in 0.00 ms.
Mono: successfully reloaded assembly
- Completed reload, in  0.856 seconds
Platform modules already initialized, skipping
Refreshing native plugins compatible for Editor in 0.52 ms, found 1 plugins.
Preloading 0 native plugins for Editor in 0.00 ms.
Unloading 3036 Unused Serialized files (Serialized files now loaded: 0)
System memory in use before: 116.1 MB.
System memory in use after: 116.3 MB.

Unloading 11 unused Assets to reduce memory usage. Loaded Objects now: 3624.
Total: 2.652300 ms (FindLiveObjects: 0.542600 ms CreateObjectMapping: 0.299100 ms MarkObjects: 1.730900 ms  DeleteObjects: 0.078400 ms)

========================================================================
Received Import Request.
  Time since last request: 191.189849 seconds.
  path: Assets/Scripts/ThisFaction.cs
  artifactKey: Guid(2373b945da1b33f489608a20b0a09ffa) Importer(815301076,1909f56bfc062723c751e8b465ee728b)
Start importing Assets/Scripts/ThisFaction.cs using Guid(2373b945da1b33f489608a20b0a09ffa) Importer(815301076,1909f56bfc062723c751e8b465ee728b)  -> (artifact id: '3f8e80ded29d89c063b8802ead52d0cf') in 0.005662 seconds 
========================================================================
Received Prepare
Registering precompiled user dll's ...
Registered in 0.003125 seconds.
Begin MonoManager ReloadAssembly
Native extension for WindowsStandalone target not found
Refreshing native plugins compatible for Editor in 0.48 ms, found 1 plugins.
Preloading 0 native plugins for Editor in 0.00 ms.
Mono: successfully reloaded assembly
- Completed reload, in  0.866 seconds
Platform modules already initialized, skipping
Refreshing native plugins compatible for Editor in 0.50 ms, found 1 plugins.
Preloading 0 native plugins for Editor in 0.00 ms.
Unloading 3036 Unused Serialized files (Serialized files now loaded: 0)
System memory in use before: 116.1 MB.
System memory in use after: 116.3 MB.

Unloading 11 unused Assets to reduce memory usage. Loaded Objects now: 3627.
Total: 2.280600 ms (FindLiveObjects: 0.240400 ms CreateObjectMapping: 0.146000 ms MarkObjects: 1.802200 ms  DeleteObjects: 0.090500 ms)

========================================================================
Received Import Request.
  Time since last request: 198.143204 seconds.
  path: Assets/Factions.cs
  artifactKey: Guid(da4b2800b775f5d459cfe492b19c3ff8) Importer(815301076,1909f56bfc062723c751e8b465ee728b)
Start importing Assets/Factions.cs using Guid(da4b2800b775f5d459cfe492b19c3ff8) Importer(815301076,1909f56bfc062723c751e8b465ee728b)  -> (artifact id: 'd5b5bc55e4f54160b74fb26d4e4b561b') in 0.010488 seconds 
========================================================================
Received Prepare
Registering precompiled user dll's ...
Registered in 0.003047 seconds.
Begin MonoManager ReloadAssembly
Native extension for WindowsStandalone target not found
Refreshing native plugins compatible for Editor in 0.96 ms, found 1 plugins.
Preloading 0 native plugins for Editor in 0.00 ms.
Mono: successfully reloaded assembly
- Completed reload, in  0.890 seconds
Platform modules already initialized, skipping
Refreshing native plugins compatible for Editor in 0.53 ms, found 1 plugins.
Preloading 0 native plugins for Editor in 0.00 ms.
Unloading 3037 Unused Serialized files (Serialized files now loaded: 0)
System memory in use before: 116.1 MB.
System memory in use after: 116.3 MB.

Unloading 11 unused Assets to reduce memory usage. Loaded Objects now: 3631.
Total: 2.353400 ms (FindLiveObjects: 0.319200 ms CreateObjectMapping: 0.180100 ms MarkObjects: 1.764600 ms  DeleteObjects: 0.088300 ms)

========================================================================
Received Import Request.
  Time since last request: 14.686469 seconds.
  path: Assets/Factions.cs
  artifactKey: Guid(da4b2800b775f5d459cfe492b19c3ff8) Importer(815301076,1909f56bfc062723c751e8b465ee728b)
Start importing Assets/Factions.cs using Guid(da4b2800b775f5d459cfe492b19c3ff8) Importer(815301076,1909f56bfc062723c751e8b465ee728b)  -> (artifact id: '9a27f7b8a96a4f3c44e670e33ceacc8b') in 0.005877 seconds 
========================================================================
Received Prepare
Registering precompiled user dll's ...
Registered in 0.002832 seconds.
Begin MonoManager ReloadAssembly
Native extension for WindowsStandalone target not found
Refreshing native plugins compatible for Editor in 0.47 ms, found 1 plugins.
Preloading 0 native plugins for Editor in 0.00 ms.
Mono: successfully reloaded assembly
- Completed reload, in  0.864 seconds
Platform modules already initialized, skipping
Refreshing native plugins compatible for Editor in 0.56 ms, found 1 plugins.
Preloading 0 native plugins for Editor in 0.00 ms.
Unloading 3037 Unused Serialized files (Serialized files now loaded: 0)
System memory in use before: 116.1 MB.
System memory in use after: 116.3 MB.

Unloading 11 unused Assets to reduce memory usage. Loaded Objects now: 3634.
Total: 2.922600 ms (FindLiveObjects: 0.310100 ms CreateObjectMapping: 0.182800 ms MarkObjects: 2.342900 ms  DeleteObjects: 0.085700 ms)

========================================================================
Received Import Request.
  Time since last request: 12.197917 seconds.
  path: Assets/Scripts/Enum HOlders
  artifactKey: Guid(888390f4c4735c94285c37b1f8a4991e) Importer(815301076,1909f56bfc062723c751e8b465ee728b)
Start importing Assets/Scripts/Enum HOlders using Guid(888390f4c4735c94285c37b1f8a4991e) Importer(815301076,1909f56bfc062723c751e8b465ee728b)  -> (artifact id: '2e1d06820ed560c0fd7169bdba68dc5f') in 0.008648 seconds 
========================================================================
Received Prepare
Registering precompiled user dll's ...
Registered in 0.003075 seconds.
Begin MonoManager ReloadAssembly
Native extension for WindowsStandalone target not found
Refreshing native plugins compatible for Editor in 0.55 ms, found 1 plugins.
Preloading 0 native plugins for Editor in 0.00 ms.
Mono: successfully reloaded assembly
- Completed reload, in  0.873 seconds
Platform modules already initialized, skipping
Refreshing native plugins compatible for Editor in 0.60 ms, found 1 plugins.
Preloading 0 native plugins for Editor in 0.00 ms.
Unloading 3037 Unused Serialized files (Serialized files now loaded: 0)
System memory in use before: 116.2 MB.
System memory in use after: 116.3 MB.

Unloading 11 unused Assets to reduce memory usage. Loaded Objects now: 3637.
Total: 2.472900 ms (FindLiveObjects: 0.285300 ms CreateObjectMapping: 0.177500 ms MarkObjects: 1.928800 ms  DeleteObjects: 0.079800 ms)

========================================================================
Received Prepare
Registering precompiled user dll's ...
Registered in 0.004308 seconds.
Begin MonoManager ReloadAssembly
Native extension for WindowsStandalone target not found
Refreshing native plugins compatible for Editor in 0.78 ms, found 1 plugins.
Preloading 0 native plugins for Editor in 0.00 ms.
Mono: successfully reloaded assembly
- Completed reload, in  0.876 seconds
Platform modules already initialized, skipping
Refreshing native plugins compatible for Editor in 0.51 ms, found 1 plugins.
Preloading 0 native plugins for Editor in 0.00 ms.
Unloading 3037 Unused Serialized files (Serialized files now loaded: 0)
System memory in use before: 116.2 MB.
System memory in use after: 116.3 MB.

Unloading 11 unused Assets to reduce memory usage. Loaded Objects now: 3640.
Total: 2.006000 ms (FindLiveObjects: 0.241600 ms CreateObjectMapping: 0.138400 ms MarkObjects: 1.546800 ms  DeleteObjects: 0.078000 ms)

========================================================================
Received Import Request.
  Time since last request: 1113.396686 seconds.
  path: Assets/Prefabs/Enemy Unit Variant.prefab
  artifactKey: Guid(a5bae21c7369e86429d667e72d075c8f) Importer(815301076,1909f56bfc062723c751e8b465ee728b)
Start importing Assets/Prefabs/Enemy Unit Variant.prefab using Guid(a5bae21c7369e86429d667e72d075c8f) Importer(815301076,1909f56bfc062723c751e8b465ee728b)  -> (artifact id: 'b44f4ee57b20e175b1c24852a4f94110') in 0.069394 seconds 
========================================================================
Received Import Request.
  Time since last request: 0.000257 seconds.
  path: Assets/Prefabs/Unit.prefab
  artifactKey: Guid(4b734492017c2eb419358ca8a7f41f95) Importer(815301076,1909f56bfc062723c751e8b465ee728b)
Start importing Assets/Prefabs/Unit.prefab using Guid(4b734492017c2eb419358ca8a7f41f95) Importer(815301076,1909f56bfc062723c751e8b465ee728b)  -> (artifact id: '39da2687210d6a58c32ed9c2ef24fb8c') in 0.012275 seconds 
========================================================================
Received Prepare
Registering precompiled user dll's ...
Registered in 0.002874 seconds.
Begin MonoManager ReloadAssembly
Native extension for WindowsStandalone target not found
Refreshing native plugins compatible for Editor in 0.69 ms, found 1 plugins.
Preloading 0 native plugins for Editor in 0.00 ms.
Mono: successfully reloaded assembly
- Completed reload, in  0.873 seconds
Platform modules already initialized, skipping
Refreshing native plugins compatible for Editor in 0.53 ms, found 1 plugins.
Preloading 0 native plugins for Editor in 0.00 ms.
Unloading 3037 Unused Serialized files (Serialized files now loaded: 0)
System memory in use before: 116.2 MB.
System memory in use after: 116.4 MB.

Unloading 11 unused Assets to reduce memory usage. Loaded Objects now: 3644.
Total: 2.395800 ms (FindLiveObjects: 0.390200 ms CreateObjectMapping: 0.136700 ms MarkObjects: 1.757100 ms  DeleteObjects: 0.110700 ms)

========================================================================
Received Prepare
Registering precompiled user dll's ...
Registered in 0.002844 seconds.
Begin MonoManager ReloadAssembly
Native extension for WindowsStandalone target not found
Refreshing native plugins compatible for Editor in 0.48 ms, found 1 plugins.
Preloading 0 native plugins for Editor in 0.00 ms.
Mono: successfully reloaded assembly
- Completed reload, in  0.880 seconds
Platform modules already initialized, skipping
Refreshing native plugins compatible for Editor in 0.54 ms, found 1 plugins.
Preloading 0 native plugins for Editor in 0.00 ms.
Unloading 3037 Unused Serialized files (Serialized files now loaded: 0)
System memory in use before: 116.2 MB.
System memory in use after: 116.4 MB.

Unloading 11 unused Assets to reduce memory usage. Loaded Objects now: 3647.
Total: 2.368100 ms (FindLiveObjects: 0.337100 ms CreateObjectMapping: 0.198700 ms MarkObjects: 1.741700 ms  DeleteObjects: 0.089300 ms)

========================================================================
Received Prepare
Registering precompiled user dll's ...
Registered in 0.003061 seconds.
Begin MonoManager ReloadAssembly
Native extension for WindowsStandalone target not found
Refreshing native plugins compatible for Editor in 0.48 ms, found 1 plugins.
Preloading 0 native plugins for Editor in 0.00 ms.
Mono: successfully reloaded assembly
- Completed reload, in  0.897 seconds
Platform modules already initialized, skipping
Refreshing native plugins compatible for Editor in 0.49 ms, found 1 plugins.
Preloading 0 native plugins for Editor in 0.00 ms.
Unloading 3037 Unused Serialized files (Serialized files now loaded: 0)
System memory in use before: 116.2 MB.
System memory in use after: 116.4 MB.

Unloading 11 unused Assets to reduce memory usage. Loaded Objects now: 3650.
Total: 2.321500 ms (FindLiveObjects: 0.365700 ms CreateObjectMapping: 0.155200 ms MarkObjects: 1.716800 ms  DeleteObjects: 0.082700 ms)

========================================================================
Received Prepare
Registering precompiled user dll's ...
Registered in 0.002914 seconds.
Begin MonoManager ReloadAssembly
Native extension for WindowsStandalone target not found
Refreshing native plugins compatible for Editor in 0.47 ms, found 1 plugins.
Preloading 0 native plugins for Editor in 0.00 ms.
Mono: successfully reloaded assembly
- Completed reload, in  0.912 seconds
Platform modules already initialized, skipping
Refreshing native plugins compatible for Editor in 0.49 ms, found 1 plugins.
Preloading 0 native plugins for Editor in 0.00 ms.
Unloading 3037 Unused Serialized files (Serialized files now loaded: 0)
System memory in use before: 116.2 MB.
System memory in use after: 116.4 MB.

Unloading 11 unused Assets to reduce memory usage. Loaded Objects now: 3653.
Total: 2.224500 ms (FindLiveObjects: 0.295900 ms CreateObjectMapping: 0.144300 ms MarkObjects: 1.692600 ms  DeleteObjects: 0.091000 ms)

========================================================================
Received Import Request.
  Time since last request: 410.511154 seconds.
  path: Assets/Prefabs/Enemy Unit Variant.prefab
  artifactKey: Guid(a5bae21c7369e86429d667e72d075c8f) Importer(815301076,1909f56bfc062723c751e8b465ee728b)
Start importing Assets/Prefabs/Enemy Unit Variant.prefab using Guid(a5bae21c7369e86429d667e72d075c8f) Importer(815301076,1909f56bfc062723c751e8b465ee728b)  -> (artifact id: '8054b1dad54ccb18dbb45ecd00213bd9') in 0.069195 seconds 
========================================================================
Received Import Request.
  Time since last request: 0.000258 seconds.
  path: Assets/Prefabs/Unit.prefab
  artifactKey: Guid(4b734492017c2eb419358ca8a7f41f95) Importer(815301076,1909f56bfc062723c751e8b465ee728b)
Start importing Assets/Prefabs/Unit.prefab using Guid(4b734492017c2eb419358ca8a7f41f95) Importer(815301076,1909f56bfc062723c751e8b465ee728b)  -> (artifact id: 'b72fbde675c6314a574e1d9f98530338') in 0.009500 seconds 
========================================================================
Received Prepare
Registering precompiled user dll's ...
Registered in 0.002940 seconds.
Begin MonoManager ReloadAssembly
Native extension for WindowsStandalone target not found
Refreshing native plugins compatible for Editor in 0.50 ms, found 1 plugins.
Preloading 0 native plugins for Editor in 0.00 ms.
Mono: successfully reloaded assembly
- Completed reload, in  0.882 seconds
Platform modules already initialized, skipping
Refreshing native plugins compatible for Editor in 0.78 ms, found 1 plugins.
Preloading 0 native plugins for Editor in 0.00 ms.
Unloading 3037 Unused Serialized files (Serialized files now loaded: 0)
System memory in use before: 116.3 MB.
System memory in use after: 116.5 MB.

Unloading 11 unused Assets to reduce memory usage. Loaded Objects now: 3657.
Total: 2.568300 ms (FindLiveObjects: 0.272900 ms CreateObjectMapping: 0.171400 ms MarkObjects: 2.047800 ms  DeleteObjects: 0.074600 ms)

========================================================================
Received Prepare
Registering precompiled user dll's ...
Registered in 0.003242 seconds.
Begin MonoManager ReloadAssembly
Native extension for WindowsStandalone target not found
Refreshing native plugins compatible for Editor in 0.49 ms, found 1 plugins.
Preloading 0 native plugins for Editor in 0.00 ms.
Mono: successfully reloaded assembly
- Completed reload, in  0.869 seconds
Platform modules already initialized, skipping
Refreshing native plugins compatible for Editor in 0.49 ms, found 1 plugins.
Preloading 0 native plugins for Editor in 0.00 ms.
Unloading 3037 Unused Serialized files (Serialized files now loaded: 0)
System memory in use before: 116.3 MB.
System memory in use after: 116.5 MB.

Unloading 11 unused Assets to reduce memory usage. Loaded Objects now: 3660.
Total: 2.182400 ms (FindLiveObjects: 0.261200 ms CreateObjectMapping: 0.149700 ms MarkObjects: 1.661700 ms  DeleteObjects: 0.108600 ms)

========================================================================
Received Prepare
Registering precompiled user dll's ...
Registered in 0.002902 seconds.
Begin MonoManager ReloadAssembly
Native extension for WindowsStandalone target not found
Refreshing native plugins compatible for Editor in 0.48 ms, found 1 plugins.
Preloading 0 native plugins for Editor in 0.00 ms.
Mono: successfully reloaded assembly
- Completed reload, in  0.891 seconds
Platform modules already initialized, skipping
Refreshing native plugins compatible for Editor in 0.49 ms, found 1 plugins.
Preloading 0 native plugins for Editor in 0.00 ms.
Unloading 3037 Unused Serialized files (Serialized files now loaded: 0)
System memory in use before: 116.3 MB.
System memory in use after: 116.5 MB.

Unloading 11 unused Assets to reduce memory usage. Loaded Objects now: 3663.
Total: 2.556600 ms (FindLiveObjects: 0.357700 ms CreateObjectMapping: 0.214200 ms MarkObjects: 1.908200 ms  DeleteObjects: 0.075200 ms)

========================================================================
Received Import Request.
  Time since last request: 586.939898 seconds.
  path: Assets/Prefabs/Enemy Unit Variant.prefab
  artifactKey: Guid(a5bae21c7369e86429d667e72d075c8f) Importer(815301076,1909f56bfc062723c751e8b465ee728b)
Start importing Assets/Prefabs/Enemy Unit Variant.prefab using Guid(a5bae21c7369e86429d667e72d075c8f) Importer(815301076,1909f56bfc062723c751e8b465ee728b)  -> (artifact id: 'bcb590e8dfb4d96226831b80090622f6') in 0.068178 seconds 
========================================================================
Received Import Request.
  Time since last request: 0.000350 seconds.
  path: Assets/Prefabs/Unit.prefab
  artifactKey: Guid(4b734492017c2eb419358ca8a7f41f95) Importer(815301076,1909f56bfc062723c751e8b465ee728b)
Start importing Assets/Prefabs/Unit.prefab using Guid(4b734492017c2eb419358ca8a7f41f95) Importer(815301076,1909f56bfc062723c751e8b465ee728b)  -> (artifact id: 'd9f37e2715d728185a42f951a3a010fc') in 0.008476 seconds 
========================================================================
Received Prepare
Registering precompiled user dll's ...
Registered in 0.002913 seconds.
Begin MonoManager ReloadAssembly
Native extension for WindowsStandalone target not found
Refreshing native plugins compatible for Editor in 0.48 ms, found 1 plugins.
Preloading 0 native plugins for Editor in 0.00 ms.
Mono: successfully reloaded assembly
- Completed reload, in  0.894 seconds
Platform modules already initialized, skipping
Refreshing native plugins compatible for Editor in 0.48 ms, found 1 plugins.
Preloading 0 native plugins for Editor in 0.00 ms.
Unloading 3037 Unused Serialized files (Serialized files now loaded: 0)
System memory in use before: 116.4 MB.
System memory in use after: 116.5 MB.

Unloading 11 unused Assets to reduce memory usage. Loaded Objects now: 3667.
Total: 4.821800 ms (FindLiveObjects: 0.898800 ms CreateObjectMapping: 0.258200 ms MarkObjects: 3.545000 ms  DeleteObjects: 0.118200 ms)

========================================================================
Received Prepare
Registering precompiled user dll's ...
Registered in 0.002858 seconds.
Begin MonoManager ReloadAssembly
Native extension for WindowsStandalone target not found
Refreshing native plugins compatible for Editor in 0.49 ms, found 1 plugins.
Preloading 0 native plugins for Editor in 0.00 ms.
Mono: successfully reloaded assembly
- Completed reload, in  0.887 seconds
Platform modules already initialized, skipping
Refreshing native plugins compatible for Editor in 0.84 ms, found 1 plugins.
Preloading 0 native plugins for Editor in 0.00 ms.
Unloading 3037 Unused Serialized files (Serialized files now loaded: 0)
System memory in use before: 116.4 MB.
System memory in use after: 116.5 MB.

Unloading 11 unused Assets to reduce memory usage. Loaded Objects now: 3670.
Total: 2.704500 ms (FindLiveObjects: 0.280000 ms CreateObjectMapping: 0.164200 ms MarkObjects: 2.184500 ms  DeleteObjects: 0.074500 ms)

========================================================================
Received Prepare
Registering precompiled user dll's ...
Registered in 0.003379 seconds.
Begin MonoManager ReloadAssembly
Native extension for WindowsStandalone target not found
Refreshing native plugins compatible for Editor in 0.47 ms, found 1 plugins.
Preloading 0 native plugins for Editor in 0.00 ms.
Mono: successfully reloaded assembly
- Completed reload, in  0.892 seconds
Platform modules already initialized, skipping
Refreshing native plugins compatible for Editor in 0.47 ms, found 1 plugins.
Preloading 0 native plugins for Editor in 0.00 ms.
Unloading 3037 Unused Serialized files (Serialized files now loaded: 0)
System memory in use before: 116.4 MB.
System memory in use after: 116.5 MB.

Unloading 11 unused Assets to reduce memory usage. Loaded Objects now: 3673.
Total: 2.429200 ms (FindLiveObjects: 0.340500 ms CreateObjectMapping: 0.336200 ms MarkObjects: 1.638700 ms  DeleteObjects: 0.112500 ms)

========================================================================
Received Prepare
Registering precompiled user dll's ...
Registered in 0.002959 seconds.
Begin MonoManager ReloadAssembly
Native extension for WindowsStandalone target not found
Refreshing native plugins compatible for Editor in 0.76 ms, found 1 plugins.
Preloading 0 native plugins for Editor in 0.00 ms.
Mono: successfully reloaded assembly
- Completed reload, in  0.877 seconds
Platform modules already initialized, skipping
Refreshing native plugins compatible for Editor in 0.55 ms, found 1 plugins.
Preloading 0 native plugins for Editor in 0.00 ms.
Unloading 3037 Unused Serialized files (Serialized files now loaded: 0)
System memory in use before: 116.4 MB.
System memory in use after: 116.5 MB.

Unloading 11 unused Assets to reduce memory usage. Loaded Objects now: 3676.
Total: 3.054400 ms (FindLiveObjects: 0.484100 ms CreateObjectMapping: 0.302500 ms MarkObjects: 2.161300 ms  DeleteObjects: 0.105400 ms)

========================================================================
Received Prepare
Registering precompiled user dll's ...
Registered in 0.002912 seconds.
Begin MonoManager ReloadAssembly
Native extension for WindowsStandalone target not found
Refreshing native plugins compatible for Editor in 0.47 ms, found 1 plugins.
Preloading 0 native plugins for Editor in 0.00 ms.
Mono: successfully reloaded assembly
- Completed reload, in  0.846 seconds
Platform modules already initialized, skipping
Refreshing native plugins compatible for Editor in 0.48 ms, found 1 plugins.
Preloading 0 native plugins for Editor in 0.00 ms.
Unloading 3037 Unused Serialized files (Serialized files now loaded: 0)
System memory in use before: 116.4 MB.
System memory in use after: 116.5 MB.

Unloading 11 unused Assets to reduce memory usage. Loaded Objects now: 3679.
Total: 2.659200 ms (FindLiveObjects: 0.385800 ms CreateObjectMapping: 0.257900 ms MarkObjects: 1.899300 ms  DeleteObjects: 0.114300 ms)

========================================================================
Received Prepare
Registering precompiled user dll's ...
Registered in 0.002890 seconds.
Begin MonoManager ReloadAssembly
Native extension for WindowsStandalone target not found
Refreshing native plugins compatible for Editor in 0.52 ms, found 1 plugins.
Preloading 0 native plugins for Editor in 0.00 ms.
Mono: successfully reloaded assembly
- Completed reload, in  0.889 seconds
Platform modules already initialized, skipping
Refreshing native plugins compatible for Editor in 0.50 ms, found 1 plugins.
Preloading 0 native plugins for Editor in 0.00 ms.
Unloading 3037 Unused Serialized files (Serialized files now loaded: 0)
System memory in use before: 116.4 MB.
System memory in use after: 116.6 MB.

Unloading 11 unused Assets to reduce memory usage. Loaded Objects now: 3682.
Total: 2.728800 ms (FindLiveObjects: 0.382100 ms CreateObjectMapping: 0.191700 ms MarkObjects: 2.043400 ms  DeleteObjects: 0.110400 ms)

========================================================================
Received Prepare
Registering precompiled user dll's ...
Registered in 0.004302 seconds.
Begin MonoManager ReloadAssembly
Native extension for WindowsStandalone target not found
Refreshing native plugins compatible for Editor in 0.49 ms, found 1 plugins.
Preloading 0 native plugins for Editor in 0.00 ms.
Mono: successfully reloaded assembly
- Completed reload, in  0.971 seconds
Platform modules already initialized, skipping
Refreshing native plugins compatible for Editor in 0.70 ms, found 1 plugins.
Preloading 0 native plugins for Editor in 0.00 ms.
Unloading 3037 Unused Serialized files (Serialized files now loaded: 0)
System memory in use before: 116.4 MB.
System memory in use after: 116.6 MB.

Unloading 11 unused Assets to reduce memory usage. Loaded Objects now: 3685.
Total: 2.687000 ms (FindLiveObjects: 0.288900 ms CreateObjectMapping: 0.136400 ms MarkObjects: 2.151700 ms  DeleteObjects: 0.109000 ms)

========================================================================
Received Prepare
Registering precompiled user dll's ...
Registered in 0.002925 seconds.
Begin MonoManager ReloadAssembly
Native extension for WindowsStandalone target not found
Refreshing native plugins compatible for Editor in 0.47 ms, found 1 plugins.
Preloading 0 native plugins for Editor in 0.00 ms.
Mono: successfully reloaded assembly
- Completed reload, in  0.876 seconds
Platform modules already initialized, skipping
Refreshing native plugins compatible for Editor in 0.87 ms, found 1 plugins.
Preloading 0 native plugins for Editor in 0.00 ms.
Unloading 3037 Unused Serialized files (Serialized files now loaded: 0)
System memory in use before: 116.4 MB.
System memory in use after: 116.6 MB.

Unloading 11 unused Assets to reduce memory usage. Loaded Objects now: 3688.
Total: 2.950400 ms (FindLiveObjects: 0.476200 ms CreateObjectMapping: 0.264200 ms MarkObjects: 2.133700 ms  DeleteObjects: 0.074700 ms)

========================================================================
Received Prepare
Registering precompiled user dll's ...
Registered in 0.004416 seconds.
Begin MonoManager ReloadAssembly
Native extension for WindowsStandalone target not found
Refreshing native plugins compatible for Editor in 0.48 ms, found 1 plugins.
Preloading 0 native plugins for Editor in 0.00 ms.
Mono: successfully reloaded assembly
- Completed reload, in  0.859 seconds
Platform modules already initialized, skipping
Refreshing native plugins compatible for Editor in 0.48 ms, found 1 plugins.
Preloading 0 native plugins for Editor in 0.00 ms.
Unloading 3037 Unused Serialized files (Serialized files now loaded: 0)
System memory in use before: 116.4 MB.
System memory in use after: 116.6 MB.

Unloading 11 unused Assets to reduce memory usage. Loaded Objects now: 3691.
Total: 2.257700 ms (FindLiveObjects: 0.275300 ms CreateObjectMapping: 0.189800 ms MarkObjects: 1.680900 ms  DeleteObjects: 0.110400 ms)

AssetImportWorkerClient::OnTransportError - code=2 error=End of file
