Using pre-set license
Built from '2021.1/staging' branch; Version is '2021.1.3f1 (4bef613afd59) revision 4976481'; Using compiler version '192528614'; Build Type 'Release'
OS: 'Windows 10 Education; OS build 19045.2965; Version 2009; 64bit' Language: 'en' Physical Memory: 32726 MB
BatchMode: 1, IsHumanControllingUs: 0, StartBugReporterOnCrash: 0, Is64bit: 1, IsPro: 0

 COMMAND LINE ARGUMENTS:
C:\Program Files\Unity\Hub\Editor\2021.1.3f1\Editor\Unity.exe
-adb2
-batchMode
-noUpm
-name
AssetImportWorker0
-projectPath
C:/Users/marcus.wheatley/Documents/Repo/MechaMadness/MechaMadness
-logFile
Logs/AssetImportWorker0.log
-srvPort
54719
Successfully changed project path to: C:/Users/marcus.wheatley/Documents/Repo/MechaMadness/MechaMadness
C:/Users/marcus.wheatley/Documents/Repo/MechaMadness/MechaMadness
Using Asset Import Pipeline V2.
Refreshing native plugins compatible for Editor in 76.52 ms, found 1 plugins.
Preloading 0 native plugins for Editor in 0.00 ms.
Initialize engine version: 2021.1.3f1 (4bef613afd59)
[Subsystems] Discovering subsystems at path C:/Program Files/Unity/Hub/Editor/2021.1.3f1/Editor/Data/Resources/UnitySubsystems
[Subsystems] Discovering subsystems at path C:/Users/marcus.wheatley/Documents/Repo/MechaMadness/MechaMadness/Assets
GfxDevice: creating device client; threaded=0; jobified=0
Direct3D:
    Version:  Direct3D 11.0 [level 11.1]
    Renderer: NVIDIA GeForce GTX 1060 6GB (ID=0x1c03)
    Vendor:   NVIDIA
    VRAM:     6052 MB
    Driver:   31.0.15.1694
Initialize mono
Mono path[0] = 'C:/Program Files/Unity/Hub/Editor/2021.1.3f1/Editor/Data/Managed'
Mono path[1] = 'C:/Program Files/Unity/Hub/Editor/2021.1.3f1/Editor/Data/MonoBleedingEdge/lib/mono/unityjit'
Mono config path = 'C:/Program Files/Unity/Hub/Editor/2021.1.3f1/Editor/Data/MonoBleedingEdge/etc'
Using monoOptions --debugger-agent=transport=dt_socket,embedding=1,server=y,suspend=n,address=127.0.0.1:56380
Begin MonoManager ReloadAssembly
Registering precompiled unity dll's ...
Register platform support module: C:/Program Files/Unity/Hub/Editor/2021.1.3f1/Editor/Data/PlaybackEngines/WindowsStandaloneSupport/UnityEditor.WindowsStandalone.Extensions.dll
Registered in 0.001922 seconds.
Native extension for WindowsStandalone target not found
Refreshing native plugins compatible for Editor in 80.67 ms, found 1 plugins.
Preloading 0 native plugins for Editor in 0.00 ms.
Mono: successfully reloaded assembly
- Completed reload, in  1.141 seconds
Platform modules already initialized, skipping
Registering precompiled user dll's ...
Registered in 0.003094 seconds.
Begin MonoManager ReloadAssembly
Native extension for WindowsStandalone target not found
Refreshing native plugins compatible for Editor in 0.59 ms, found 1 plugins.
Preloading 0 native plugins for Editor in 0.00 ms.
Mono: successfully reloaded assembly
- Completed reload, in  0.980 seconds
Platform modules already initialized, skipping
========================================================================
Worker process is ready to serve import requests
Launched and connected shader compiler UnityShaderCompiler.exe after 0.04 seconds
Refreshing native plugins compatible for Editor in 0.49 ms, found 1 plugins.
Preloading 0 native plugins for Editor in 0.00 ms.
Unloading 3061 Unused Serialized files (Serialized files now loaded: 0)
System memory in use before: 114.0 MB.
System memory in use after: 114.2 MB.

Unloading 16 unused Assets to reduce memory usage. Loaded Objects now: 3514.
Total: 3.304300 ms (FindLiveObjects: 0.397800 ms CreateObjectMapping: 0.284500 ms MarkObjects: 2.448500 ms  DeleteObjects: 0.172400 ms)

========================================================================
Received Import Request.
  path: Assets/Prefabs/Unit.prefab
  artifactKey: Guid(4b734492017c2eb419358ca8a7f41f95) Importer(815301076,1909f56bfc062723c751e8b465ee728b)
Start importing Assets/Prefabs/Unit.prefab using Guid(4b734492017c2eb419358ca8a7f41f95) Importer(815301076,1909f56bfc062723c751e8b465ee728b)  -> (artifact id: 'e2b115793b6b8db9586a759d7123ea18') in 0.128891 seconds 
========================================================================
Received Import Request.
  Time since last request: 0.000273 seconds.
  path: Assets/Prefabs/Enemy Unit Variant.prefab
  artifactKey: Guid(a5bae21c7369e86429d667e72d075c8f) Importer(815301076,1909f56bfc062723c751e8b465ee728b)
Start importing Assets/Prefabs/Enemy Unit Variant.prefab using Guid(a5bae21c7369e86429d667e72d075c8f) Importer(815301076,1909f56bfc062723c751e8b465ee728b)  -> (artifact id: 'c4f7ce076b6878f89198e2b7b20975f1') in 0.010707 seconds 
========================================================================
Received Import Request.
  Time since last request: 3.392899 seconds.
  path: Assets/Prefabs/Enemy Unit Variant.prefab
  artifactKey: Guid(a5bae21c7369e86429d667e72d075c8f) Importer(815301076,1909f56bfc062723c751e8b465ee728b)
Start importing Assets/Prefabs/Enemy Unit Variant.prefab using Guid(a5bae21c7369e86429d667e72d075c8f) Importer(815301076,1909f56bfc062723c751e8b465ee728b)  -> (artifact id: '00f4a7944d16d8cad7f56232f7c9b18b') in 0.010689 seconds 
========================================================================
Received Prepare
Registering precompiled user dll's ...
Registered in 0.002910 seconds.
Begin MonoManager ReloadAssembly
Native extension for WindowsStandalone target not found
Refreshing native plugins compatible for Editor in 0.51 ms, found 1 plugins.
Preloading 0 native plugins for Editor in 0.00 ms.
Mono: successfully reloaded assembly
- Completed reload, in  0.884 seconds
Platform modules already initialized, skipping
Refreshing native plugins compatible for Editor in 0.50 ms, found 1 plugins.
Preloading 0 native plugins for Editor in 0.00 ms.
Unloading 3037 Unused Serialized files (Serialized files now loaded: 0)
System memory in use before: 115.8 MB.
System memory in use after: 116.0 MB.

Unloading 11 unused Assets to reduce memory usage. Loaded Objects now: 3526.
Total: 2.337200 ms (FindLiveObjects: 0.244800 ms CreateObjectMapping: 0.162200 ms MarkObjects: 1.820300 ms  DeleteObjects: 0.109000 ms)

========================================================================
Received Prepare
Registering precompiled user dll's ...
Registered in 0.003011 seconds.
Begin MonoManager ReloadAssembly
Native extension for WindowsStandalone target not found
Refreshing native plugins compatible for Editor in 0.48 ms, found 1 plugins.
Preloading 0 native plugins for Editor in 0.00 ms.
Mono: successfully reloaded assembly
- Completed reload, in  0.912 seconds
Platform modules already initialized, skipping
Refreshing native plugins compatible for Editor in 0.74 ms, found 1 plugins.
Preloading 0 native plugins for Editor in 0.00 ms.
Unloading 3037 Unused Serialized files (Serialized files now loaded: 0)
System memory in use before: 115.9 MB.
System memory in use after: 116.0 MB.

Unloading 11 unused Assets to reduce memory usage. Loaded Objects now: 3529.
Total: 2.590800 ms (FindLiveObjects: 0.251200 ms CreateObjectMapping: 0.183500 ms MarkObjects: 2.055800 ms  DeleteObjects: 0.098300 ms)

========================================================================
Received Import Request.
  Time since last request: 746.010982 seconds.
  path: Assets/Scripts/Projectile.cs
  artifactKey: Guid(8159fb06d6ab9474ea3a7e43d38c0826) Importer(815301076,1909f56bfc062723c751e8b465ee728b)
Start importing Assets/Scripts/Projectile.cs using Guid(8159fb06d6ab9474ea3a7e43d38c0826) Importer(815301076,1909f56bfc062723c751e8b465ee728b)  -> (artifact id: '2722cdb5d28b8f19a046ccd60d8c8292') in 0.020733 seconds 
========================================================================
Received Prepare
Registering precompiled user dll's ...
Registered in 0.002914 seconds.
Begin MonoManager ReloadAssembly
Native extension for WindowsStandalone target not found
Refreshing native plugins compatible for Editor in 0.59 ms, found 1 plugins.
Preloading 0 native plugins for Editor in 0.00 ms.
Mono: successfully reloaded assembly
- Completed reload, in  0.881 seconds
Platform modules already initialized, skipping
Refreshing native plugins compatible for Editor in 0.58 ms, found 1 plugins.
Preloading 0 native plugins for Editor in 0.00 ms.
Unloading 3037 Unused Serialized files (Serialized files now loaded: 0)
System memory in use before: 115.9 MB.
System memory in use after: 116.1 MB.

Unloading 11 unused Assets to reduce memory usage. Loaded Objects now: 3532.
Total: 3.016900 ms (FindLiveObjects: 0.465000 ms CreateObjectMapping: 0.393300 ms MarkObjects: 2.078700 ms  DeleteObjects: 0.078400 ms)

========================================================================
Received Prepare
Registering precompiled user dll's ...
Registered in 0.002895 seconds.
Begin MonoManager ReloadAssembly
Native extension for WindowsStandalone target not found
Refreshing native plugins compatible for Editor in 0.55 ms, found 1 plugins.
Preloading 0 native plugins for Editor in 0.00 ms.
Mono: successfully reloaded assembly
- Completed reload, in  0.907 seconds
Platform modules already initialized, skipping
Refreshing native plugins compatible for Editor in 0.50 ms, found 1 plugins.
Preloading 0 native plugins for Editor in 0.00 ms.
Unloading 3037 Unused Serialized files (Serialized files now loaded: 0)
System memory in use before: 115.9 MB.
System memory in use after: 116.1 MB.

Unloading 11 unused Assets to reduce memory usage. Loaded Objects now: 3535.
Total: 2.075000 ms (FindLiveObjects: 0.262300 ms CreateObjectMapping: 0.162100 ms MarkObjects: 1.568800 ms  DeleteObjects: 0.080300 ms)

========================================================================
Received Import Request.
  Time since last request: 533.898613 seconds.
  path: Assets/Scripts/Unit.cs
  artifactKey: Guid(82c7a218f29ef3446a7107651bfccec3) Importer(815301076,1909f56bfc062723c751e8b465ee728b)
Start importing Assets/Scripts/Unit.cs using Guid(82c7a218f29ef3446a7107651bfccec3) Importer(815301076,1909f56bfc062723c751e8b465ee728b)  -> (artifact id: 'c3a7c1df488f7f729798d731f408c912') in 0.009486 seconds 
========================================================================
Received Import Request.
  Time since last request: 100.319976 seconds.
  path: Assets/Prefabs/Enemy Unit Variant.prefab
  artifactKey: Guid(a5bae21c7369e86429d667e72d075c8f) Importer(815301076,1909f56bfc062723c751e8b465ee728b)
Start importing Assets/Prefabs/Enemy Unit Variant.prefab using Guid(a5bae21c7369e86429d667e72d075c8f) Importer(815301076,1909f56bfc062723c751e8b465ee728b)  -> (artifact id: '847c7756993dea9832e95fd0a100640e') in 0.068236 seconds 
========================================================================
Received Import Request.
  Time since last request: 0.000326 seconds.
  path: Assets/Prefabs/Unit.prefab
  artifactKey: Guid(4b734492017c2eb419358ca8a7f41f95) Importer(815301076,1909f56bfc062723c751e8b465ee728b)
Start importing Assets/Prefabs/Unit.prefab using Guid(4b734492017c2eb419358ca8a7f41f95) Importer(815301076,1909f56bfc062723c751e8b465ee728b)  -> (artifact id: '74e30ff70e5e19f63b311fc790dd0bc9') in 0.008686 seconds 
========================================================================
Received Import Request.
  Time since last request: 2.538924 seconds.
  path: Assets/Prefabs/Enemy Unit Variant.prefab
  artifactKey: Guid(a5bae21c7369e86429d667e72d075c8f) Importer(815301076,1909f56bfc062723c751e8b465ee728b)
Start importing Assets/Prefabs/Enemy Unit Variant.prefab using Guid(a5bae21c7369e86429d667e72d075c8f) Importer(815301076,1909f56bfc062723c751e8b465ee728b)  -> (artifact id: '84c239fdc27c5e04a74c8982fd171bc0') in 0.009846 seconds 
========================================================================
Received Import Request.
  Time since last request: 0.000274 seconds.
  path: Assets/Prefabs/Unit.prefab
  artifactKey: Guid(4b734492017c2eb419358ca8a7f41f95) Importer(815301076,1909f56bfc062723c751e8b465ee728b)
Start importing Assets/Prefabs/Unit.prefab using Guid(4b734492017c2eb419358ca8a7f41f95) Importer(815301076,1909f56bfc062723c751e8b465ee728b)  -> (artifact id: '54a0d0582a6d410b7135b64b6ca8c160') in 0.009306 seconds 
========================================================================
Received Import Request.
  Time since last request: 4.290512 seconds.
  path: Assets/Scripts/Projectile.cs
  artifactKey: Guid(8159fb06d6ab9474ea3a7e43d38c0826) Importer(815301076,1909f56bfc062723c751e8b465ee728b)
Start importing Assets/Scripts/Projectile.cs using Guid(8159fb06d6ab9474ea3a7e43d38c0826) Importer(815301076,1909f56bfc062723c751e8b465ee728b)  -> (artifact id: '457189e90605327e56b0e472cd64fac8') in 0.006559 seconds 
========================================================================
Received Prepare
Registering precompiled user dll's ...
Registered in 0.002942 seconds.
Begin MonoManager ReloadAssembly
Native extension for WindowsStandalone target not found
Refreshing native plugins compatible for Editor in 0.53 ms, found 1 plugins.
Preloading 0 native plugins for Editor in 0.00 ms.
Mono: successfully reloaded assembly
- Completed reload, in  0.907 seconds
Platform modules already initialized, skipping
Script error: OnCollisionEnter
This message parameter has to be of type: Collision
The message will be ignored.

Refreshing native plugins compatible for Editor in 0.68 ms, found 1 plugins.
Preloading 0 native plugins for Editor in 0.00 ms.
Unloading 3037 Unused Serialized files (Serialized files now loaded: 0)
System memory in use before: 116.1 MB.
System memory in use after: 116.3 MB.

Unloading 11 unused Assets to reduce memory usage. Loaded Objects now: 3539.
Total: 2.649300 ms (FindLiveObjects: 0.395800 ms CreateObjectMapping: 0.218700 ms MarkObjects: 1.960500 ms  DeleteObjects: 0.073100 ms)

========================================================================
Received Prepare
Registering precompiled user dll's ...
Registered in 0.002951 seconds.
Begin MonoManager ReloadAssembly
Native extension for WindowsStandalone target not found
Refreshing native plugins compatible for Editor in 0.48 ms, found 1 plugins.
Preloading 0 native plugins for Editor in 0.00 ms.
Mono: successfully reloaded assembly
- Completed reload, in  0.889 seconds
Platform modules already initialized, skipping
Refreshing native plugins compatible for Editor in 0.59 ms, found 1 plugins.
Preloading 0 native plugins for Editor in 0.00 ms.
Unloading 3037 Unused Serialized files (Serialized files now loaded: 0)
System memory in use before: 116.0 MB.
System memory in use after: 116.2 MB.

Unloading 11 unused Assets to reduce memory usage. Loaded Objects now: 3542.
Total: 2.395400 ms (FindLiveObjects: 0.386100 ms CreateObjectMapping: 0.186700 ms MarkObjects: 1.736600 ms  DeleteObjects: 0.084900 ms)

========================================================================
Received Prepare
Registering precompiled user dll's ...
Registered in 0.003169 seconds.
Begin MonoManager ReloadAssembly
Native extension for WindowsStandalone target not found
Refreshing native plugins compatible for Editor in 0.71 ms, found 1 plugins.
Preloading 0 native plugins for Editor in 0.00 ms.
Mono: successfully reloaded assembly
- Completed reload, in  0.895 seconds
Platform modules already initialized, skipping
Refreshing native plugins compatible for Editor in 0.79 ms, found 1 plugins.
Preloading 0 native plugins for Editor in 0.00 ms.
Unloading 3037 Unused Serialized files (Serialized files now loaded: 0)
System memory in use before: 116.0 MB.
System memory in use after: 116.2 MB.

Unloading 11 unused Assets to reduce memory usage. Loaded Objects now: 3545.
Total: 2.301200 ms (FindLiveObjects: 0.346300 ms CreateObjectMapping: 0.192300 ms MarkObjects: 1.658200 ms  DeleteObjects: 0.103400 ms)

========================================================================
Received Prepare
Registering precompiled user dll's ...
Registered in 0.003393 seconds.
Begin MonoManager ReloadAssembly
Native extension for WindowsStandalone target not found
Refreshing native plugins compatible for Editor in 0.49 ms, found 1 plugins.
Preloading 0 native plugins for Editor in 0.00 ms.
Mono: successfully reloaded assembly
- Completed reload, in  0.842 seconds
Platform modules already initialized, skipping
Refreshing native plugins compatible for Editor in 0.48 ms, found 1 plugins.
Preloading 0 native plugins for Editor in 0.00 ms.
Unloading 3037 Unused Serialized files (Serialized files now loaded: 0)
System memory in use before: 116.0 MB.
System memory in use after: 116.2 MB.

Unloading 11 unused Assets to reduce memory usage. Loaded Objects now: 3548.
Total: 2.096600 ms (FindLiveObjects: 0.190800 ms CreateObjectMapping: 0.098400 ms MarkObjects: 1.701100 ms  DeleteObjects: 0.105300 ms)

========================================================================
Received Import Request.
  Time since last request: 148.693080 seconds.
  path: Assets/Prefabs/Bullet.prefab
  artifactKey: Guid(d0d4096a617577a488c6c5b58eadd83b) Importer(815301076,1909f56bfc062723c751e8b465ee728b)
Start importing Assets/Prefabs/Bullet.prefab using Guid(d0d4096a617577a488c6c5b58eadd83b) Importer(815301076,1909f56bfc062723c751e8b465ee728b)  -> (artifact id: '447a897f8d0bb8948b2e94f8f0e2a626') in 0.049973 seconds 
========================================================================
Received Import Request.
  Time since last request: 21.837381 seconds.
  path: ProjectSettings/TagManager.asset
  artifactKey: Guid(00000000000000003000000000000000) Importer(815301076,1909f56bfc062723c751e8b465ee728b)
Start importing ProjectSettings/TagManager.asset using Guid(00000000000000003000000000000000) Importer(815301076,1909f56bfc062723c751e8b465ee728b)  -> (artifact id: '89d9204859c89940a7117b129c21fcab') in 0.009156 seconds 
========================================================================
Received Prepare
Registering precompiled user dll's ...
Registered in 0.002915 seconds.
Begin MonoManager ReloadAssembly
Native extension for WindowsStandalone target not found
Refreshing native plugins compatible for Editor in 0.52 ms, found 1 plugins.
Preloading 0 native plugins for Editor in 0.00 ms.
Mono: successfully reloaded assembly
- Completed reload, in  0.839 seconds
Platform modules already initialized, skipping
Refreshing native plugins compatible for Editor in 0.48 ms, found 1 plugins.
Preloading 0 native plugins for Editor in 0.00 ms.
Unloading 3037 Unused Serialized files (Serialized files now loaded: 0)
System memory in use before: 116.1 MB.
System memory in use after: 116.2 MB.

Unloading 13 unused Assets to reduce memory usage. Loaded Objects now: 3552.
Total: 4.510000 ms (FindLiveObjects: 0.979000 ms CreateObjectMapping: 0.283900 ms MarkObjects: 2.819500 ms  DeleteObjects: 0.424600 ms)

========================================================================
Received Import Request.
  Time since last request: 12.063894 seconds.
  path: Assets/Prefabs/Bullet.prefab
  artifactKey: Guid(d0d4096a617577a488c6c5b58eadd83b) Importer(815301076,1909f56bfc062723c751e8b465ee728b)
Start importing Assets/Prefabs/Bullet.prefab using Guid(d0d4096a617577a488c6c5b58eadd83b) Importer(815301076,1909f56bfc062723c751e8b465ee728b)  -> (artifact id: '602ca2ca42d54328acf599b8d7b1afae') in 0.044895 seconds 
========================================================================
Received Prepare
Registering precompiled user dll's ...
Registered in 0.002860 seconds.
Begin MonoManager ReloadAssembly
Native extension for WindowsStandalone target not found
Refreshing native plugins compatible for Editor in 0.48 ms, found 1 plugins.
Preloading 0 native plugins for Editor in 0.00 ms.
Mono: successfully reloaded assembly
- Completed reload, in  0.896 seconds
Platform modules already initialized, skipping
Refreshing native plugins compatible for Editor in 0.52 ms, found 1 plugins.
Preloading 0 native plugins for Editor in 0.00 ms.
Unloading 3037 Unused Serialized files (Serialized files now loaded: 0)
System memory in use before: 116.1 MB.
System memory in use after: 116.2 MB.

Unloading 12 unused Assets to reduce memory usage. Loaded Objects now: 3556.
Total: 2.892400 ms (FindLiveObjects: 0.276400 ms CreateObjectMapping: 0.197900 ms MarkObjects: 2.305000 ms  DeleteObjects: 0.111800 ms)

========================================================================
Received Import Request.
  Time since last request: 98.581277 seconds.
  path: Assets/Prefabs/Enemy Unit Variant.prefab
  artifactKey: Guid(a5bae21c7369e86429d667e72d075c8f) Importer(815301076,1909f56bfc062723c751e8b465ee728b)
Start importing Assets/Prefabs/Enemy Unit Variant.prefab using Guid(a5bae21c7369e86429d667e72d075c8f) Importer(815301076,1909f56bfc062723c751e8b465ee728b)  -> (artifact id: 'bb082cf3fd90aa9bd3e6ac0e1cad4145') in 0.072351 seconds 
========================================================================
Received Import Request.
  Time since last request: 13.639087 seconds.
  path: Assets/Prefabs/Enemy Unit Variant.prefab
  artifactKey: Guid(a5bae21c7369e86429d667e72d075c8f) Importer(815301076,1909f56bfc062723c751e8b465ee728b)
Start importing Assets/Prefabs/Enemy Unit Variant.prefab using Guid(a5bae21c7369e86429d667e72d075c8f) Importer(815301076,1909f56bfc062723c751e8b465ee728b)  -> (artifact id: '8518f77b06b99ae9776254c5a7883af0') in 0.011094 seconds 
========================================================================
Received Prepare
Registering precompiled user dll's ...
Registered in 0.003254 seconds.
Begin MonoManager ReloadAssembly
Native extension for WindowsStandalone target not found
Refreshing native plugins compatible for Editor in 0.52 ms, found 1 plugins.
Preloading 0 native plugins for Editor in 0.00 ms.
Mono: successfully reloaded assembly
- Completed reload, in  0.902 seconds
Platform modules already initialized, skipping
Refreshing native plugins compatible for Editor in 0.51 ms, found 1 plugins.
Preloading 0 native plugins for Editor in 0.00 ms.
Unloading 3037 Unused Serialized files (Serialized files now loaded: 0)
System memory in use before: 116.1 MB.
System memory in use after: 116.3 MB.

Unloading 11 unused Assets to reduce memory usage. Loaded Objects now: 3560.
Total: 2.242400 ms (FindLiveObjects: 0.273200 ms CreateObjectMapping: 0.177300 ms MarkObjects: 1.674900 ms  DeleteObjects: 0.115800 ms)

========================================================================
Received Prepare
Registering precompiled user dll's ...
Registered in 0.003576 seconds.
Begin MonoManager ReloadAssembly
Native extension for WindowsStandalone target not found
Refreshing native plugins compatible for Editor in 0.50 ms, found 1 plugins.
Preloading 0 native plugins for Editor in 0.00 ms.
Mono: successfully reloaded assembly
- Completed reload, in  0.910 seconds
Platform modules already initialized, skipping
Refreshing native plugins compatible for Editor in 0.71 ms, found 1 plugins.
Preloading 0 native plugins for Editor in 0.00 ms.
Unloading 3037 Unused Serialized files (Serialized files now loaded: 0)
System memory in use before: 116.1 MB.
System memory in use after: 116.3 MB.

Unloading 11 unused Assets to reduce memory usage. Loaded Objects now: 3563.
Total: 2.621200 ms (FindLiveObjects: 0.325400 ms CreateObjectMapping: 0.166700 ms MarkObjects: 1.986800 ms  DeleteObjects: 0.128700 ms)

========================================================================
Received Prepare
Registering precompiled user dll's ...
Registered in 0.002920 seconds.
Begin MonoManager ReloadAssembly
Native extension for WindowsStandalone target not found
Refreshing native plugins compatible for Editor in 0.49 ms, found 1 plugins.
Preloading 0 native plugins for Editor in 0.00 ms.
Mono: successfully reloaded assembly
- Completed reload, in  0.891 seconds
Platform modules already initialized, skipping
Refreshing native plugins compatible for Editor in 0.78 ms, found 1 plugins.
Preloading 0 native plugins for Editor in 0.00 ms.
Unloading 3037 Unused Serialized files (Serialized files now loaded: 0)
System memory in use before: 116.1 MB.
System memory in use after: 116.3 MB.

Unloading 11 unused Assets to reduce memory usage. Loaded Objects now: 3566.
Total: 3.399700 ms (FindLiveObjects: 0.418300 ms CreateObjectMapping: 0.236100 ms MarkObjects: 2.623500 ms  DeleteObjects: 0.120100 ms)

========================================================================
Received Import Request.
  Time since last request: 1443.349175 seconds.
  path: Assets/Scripts/Enum HOlders/Factions.cs
  artifactKey: Guid(da4b2800b775f5d459cfe492b19c3ff8) Importer(815301076,1909f56bfc062723c751e8b465ee728b)
Start importing Assets/Scripts/Enum HOlders/Factions.cs using Guid(da4b2800b775f5d459cfe492b19c3ff8) Importer(815301076,1909f56bfc062723c751e8b465ee728b)  -> (artifact id: '3b6773c3266d806c5d3f09c83d40eecd') in 0.010169 seconds 
========================================================================
Received Prepare
Registering precompiled user dll's ...
Registered in 0.003146 seconds.
Begin MonoManager ReloadAssembly
Native extension for WindowsStandalone target not found
Refreshing native plugins compatible for Editor in 0.48 ms, found 1 plugins.
Preloading 0 native plugins for Editor in 0.00 ms.
Mono: successfully reloaded assembly
- Completed reload, in  0.912 seconds
Platform modules already initialized, skipping
Refreshing native plugins compatible for Editor in 0.71 ms, found 1 plugins.
Preloading 0 native plugins for Editor in 0.00 ms.
Unloading 3037 Unused Serialized files (Serialized files now loaded: 0)
System memory in use before: 116.1 MB.
System memory in use after: 116.3 MB.

Unloading 11 unused Assets to reduce memory usage. Loaded Objects now: 3569.
Total: 3.881100 ms (FindLiveObjects: 0.702900 ms CreateObjectMapping: 0.336000 ms MarkObjects: 2.564600 ms  DeleteObjects: 0.105600 ms)

========================================================================
Received Prepare
Registering precompiled user dll's ...
Registered in 0.003014 seconds.
Begin MonoManager ReloadAssembly
Native extension for WindowsStandalone target not found
Refreshing native plugins compatible for Editor in 0.48 ms, found 1 plugins.
Preloading 0 native plugins for Editor in 0.00 ms.
Mono: successfully reloaded assembly
- Completed reload, in  0.842 seconds
Platform modules already initialized, skipping
Refreshing native plugins compatible for Editor in 0.50 ms, found 1 plugins.
Preloading 0 native plugins for Editor in 0.00 ms.
Unloading 3037 Unused Serialized files (Serialized files now loaded: 0)
System memory in use before: 116.1 MB.
System memory in use after: 116.3 MB.

Unloading 11 unused Assets to reduce memory usage. Loaded Objects now: 3572.
Total: 2.549600 ms (FindLiveObjects: 0.295100 ms CreateObjectMapping: 0.193200 ms MarkObjects: 1.917000 ms  DeleteObjects: 0.143100 ms)

========================================================================
Received Import Request.
  Time since last request: 283.880194 seconds.
  path: Assets/Prefabs/Enemy Unit Variant.prefab
  artifactKey: Guid(a5bae21c7369e86429d667e72d075c8f) Importer(815301076,1909f56bfc062723c751e8b465ee728b)
Start importing Assets/Prefabs/Enemy Unit Variant.prefab using Guid(a5bae21c7369e86429d667e72d075c8f) Importer(815301076,1909f56bfc062723c751e8b465ee728b)  -> (artifact id: 'd0cccf0ec9a8e5eb00a2ff27329b2d0d') in 0.067665 seconds 
========================================================================
Received Import Request.
  Time since last request: 0.000395 seconds.
  path: Assets/Prefabs/Unit.prefab
  artifactKey: Guid(4b734492017c2eb419358ca8a7f41f95) Importer(815301076,1909f56bfc062723c751e8b465ee728b)
Start importing Assets/Prefabs/Unit.prefab using Guid(4b734492017c2eb419358ca8a7f41f95) Importer(815301076,1909f56bfc062723c751e8b465ee728b)  -> (artifact id: 'b64ae738bf3f721f37e01980a721a46d') in 0.007810 seconds 
========================================================================
Received Import Request.
  Time since last request: 14.995431 seconds.
  path: Assets/Prefabs/Enemy Unit Variant.prefab
  artifactKey: Guid(a5bae21c7369e86429d667e72d075c8f) Importer(815301076,1909f56bfc062723c751e8b465ee728b)
Start importing Assets/Prefabs/Enemy Unit Variant.prefab using Guid(a5bae21c7369e86429d667e72d075c8f) Importer(815301076,1909f56bfc062723c751e8b465ee728b)  -> (artifact id: '58fcc542b1027092899ba75a363730f1') in 0.010586 seconds 
========================================================================
Received Prepare
Registering precompiled user dll's ...
Registered in 0.004410 seconds.
Begin MonoManager ReloadAssembly
Native extension for WindowsStandalone target not found
Refreshing native plugins compatible for Editor in 0.48 ms, found 1 plugins.
Preloading 0 native plugins for Editor in 0.00 ms.
Mono: successfully reloaded assembly
- Completed reload, in  0.878 seconds
Platform modules already initialized, skipping
Refreshing native plugins compatible for Editor in 0.56 ms, found 1 plugins.
Preloading 0 native plugins for Editor in 0.00 ms.
Unloading 3037 Unused Serialized files (Serialized files now loaded: 0)
System memory in use before: 116.2 MB.
System memory in use after: 116.4 MB.

Unloading 11 unused Assets to reduce memory usage. Loaded Objects now: 3576.
Total: 2.399100 ms (FindLiveObjects: 0.361400 ms CreateObjectMapping: 0.216000 ms MarkObjects: 1.741300 ms  DeleteObjects: 0.079300 ms)

========================================================================
Received Import Request.
  Time since last request: 259.969424 seconds.
  path: Assets/Prefabs/Enemy Unit Variant.prefab
  artifactKey: Guid(a5bae21c7369e86429d667e72d075c8f) Importer(815301076,1909f56bfc062723c751e8b465ee728b)
Start importing Assets/Prefabs/Enemy Unit Variant.prefab using Guid(a5bae21c7369e86429d667e72d075c8f) Importer(815301076,1909f56bfc062723c751e8b465ee728b)  -> (artifact id: '628671d5374a4700da37d44e6d387bc3') in 0.090023 seconds 
========================================================================
Received Prepare
Registering precompiled user dll's ...
Registered in 0.003364 seconds.
Begin MonoManager ReloadAssembly
Native extension for WindowsStandalone target not found
Refreshing native plugins compatible for Editor in 0.49 ms, found 1 plugins.
Preloading 0 native plugins for Editor in 0.00 ms.
Mono: successfully reloaded assembly
- Completed reload, in  0.931 seconds
Platform modules already initialized, skipping
Refreshing native plugins compatible for Editor in 0.48 ms, found 1 plugins.
Preloading 0 native plugins for Editor in 0.00 ms.
Unloading 3037 Unused Serialized files (Serialized files now loaded: 0)
System memory in use before: 116.2 MB.
System memory in use after: 116.4 MB.

Unloading 11 unused Assets to reduce memory usage. Loaded Objects now: 3580.
Total: 2.122100 ms (FindLiveObjects: 0.269600 ms CreateObjectMapping: 0.186000 ms MarkObjects: 1.585300 ms  DeleteObjects: 0.079700 ms)

========================================================================
Received Import Request.
  Time since last request: 742.685883 seconds.
  path: Assets/Scripts/ThisFaction.cs
  artifactKey: Guid(2373b945da1b33f489608a20b0a09ffa) Importer(815301076,1909f56bfc062723c751e8b465ee728b)
Start importing Assets/Scripts/ThisFaction.cs using Guid(2373b945da1b33f489608a20b0a09ffa) Importer(815301076,1909f56bfc062723c751e8b465ee728b)  -> (artifact id: '7dfb3d0c5126764a8da733db7a50734e') in 0.010025 seconds 
========================================================================
Received Prepare
Registering precompiled user dll's ...
Registered in 0.003166 seconds.
Begin MonoManager ReloadAssembly
Native extension for WindowsStandalone target not found
Refreshing native plugins compatible for Editor in 0.48 ms, found 1 plugins.
Preloading 0 native plugins for Editor in 0.00 ms.
Mono: successfully reloaded assembly
- Completed reload, in  0.911 seconds
Platform modules already initialized, skipping
Refreshing native plugins compatible for Editor in 0.66 ms, found 1 plugins.
Preloading 0 native plugins for Editor in 0.00 ms.
Unloading 3037 Unused Serialized files (Serialized files now loaded: 0)
System memory in use before: 116.3 MB.
System memory in use after: 116.4 MB.

Unloading 11 unused Assets to reduce memory usage. Loaded Objects now: 3583.
Total: 2.431300 ms (FindLiveObjects: 0.255900 ms CreateObjectMapping: 0.176400 ms MarkObjects: 1.921600 ms  DeleteObjects: 0.076400 ms)

========================================================================
Received Import Request.
  Time since last request: 183.338442 seconds.
  path: Assets/Scripts/Enum HOlders/Factions.cs
  artifactKey: Guid(da4b2800b775f5d459cfe492b19c3ff8) Importer(815301076,1909f56bfc062723c751e8b465ee728b)
Start importing Assets/Scripts/Enum HOlders/Factions.cs using Guid(da4b2800b775f5d459cfe492b19c3ff8) Importer(815301076,1909f56bfc062723c751e8b465ee728b)  -> (artifact id: 'e84369edab4c6c16ecde90703408a4bd') in 0.005815 seconds 
========================================================================
Received Prepare
Registering precompiled user dll's ...
Registered in 0.003376 seconds.
Begin MonoManager ReloadAssembly
Native extension for WindowsStandalone target not found
Refreshing native plugins compatible for Editor in 0.48 ms, found 1 plugins.
Preloading 0 native plugins for Editor in 0.00 ms.
Mono: successfully reloaded assembly
- Completed reload, in  0.904 seconds
Platform modules already initialized, skipping
Refreshing native plugins compatible for Editor in 0.78 ms, found 1 plugins.
Preloading 0 native plugins for Editor in 0.00 ms.
Unloading 3037 Unused Serialized files (Serialized files now loaded: 0)
System memory in use before: 116.3 MB.
System memory in use after: 116.4 MB.

Unloading 11 unused Assets to reduce memory usage. Loaded Objects now: 3586.
Total: 3.252200 ms (FindLiveObjects: 0.348100 ms CreateObjectMapping: 0.178600 ms MarkObjects: 2.609900 ms  DeleteObjects: 0.113800 ms)

========================================================================
Received Prepare
Registering precompiled user dll's ...
Registered in 0.002894 seconds.
Begin MonoManager ReloadAssembly
Native extension for WindowsStandalone target not found
Refreshing native plugins compatible for Editor in 0.56 ms, found 1 plugins.
Preloading 0 native plugins for Editor in 0.00 ms.
Mono: successfully reloaded assembly
- Completed reload, in  0.930 seconds
Platform modules already initialized, skipping
Refreshing native plugins compatible for Editor in 0.75 ms, found 1 plugins.
Preloading 0 native plugins for Editor in 0.00 ms.
Unloading 3037 Unused Serialized files (Serialized files now loaded: 0)
System memory in use before: 116.3 MB.
System memory in use after: 116.4 MB.

Unloading 11 unused Assets to reduce memory usage. Loaded Objects now: 3589.
Total: 2.368600 ms (FindLiveObjects: 0.432400 ms CreateObjectMapping: 0.233400 ms MarkObjects: 1.614400 ms  DeleteObjects: 0.087300 ms)

========================================================================
Received Import Request.
  Time since last request: 130.795631 seconds.
  path: Assets/Prefabs/Enemy Unit Variant.prefab
  artifactKey: Guid(a5bae21c7369e86429d667e72d075c8f) Importer(815301076,1909f56bfc062723c751e8b465ee728b)
Start importing Assets/Prefabs/Enemy Unit Variant.prefab using Guid(a5bae21c7369e86429d667e72d075c8f) Importer(815301076,1909f56bfc062723c751e8b465ee728b)  -> (artifact id: '07efb78c8e142db669027955ab95cd58') in 0.066912 seconds 
========================================================================
Received Import Request.
  Time since last request: 0.000264 seconds.
  path: Assets/Prefabs/Unit.prefab
  artifactKey: Guid(4b734492017c2eb419358ca8a7f41f95) Importer(815301076,1909f56bfc062723c751e8b465ee728b)
Start importing Assets/Prefabs/Unit.prefab using Guid(4b734492017c2eb419358ca8a7f41f95) Importer(815301076,1909f56bfc062723c751e8b465ee728b)  -> (artifact id: '2fa58779d3780826cae5841b0a4b083e') in 0.009071 seconds 
========================================================================
Received Prepare
Registering precompiled user dll's ...
Registered in 0.003046 seconds.
Begin MonoManager ReloadAssembly
Native extension for WindowsStandalone target not found
Refreshing native plugins compatible for Editor in 0.47 ms, found 1 plugins.
Preloading 0 native plugins for Editor in 0.00 ms.
Mono: successfully reloaded assembly
- Completed reload, in  0.838 seconds
Platform modules already initialized, skipping
Refreshing native plugins compatible for Editor in 0.47 ms, found 1 plugins.
Preloading 0 native plugins for Editor in 0.00 ms.
Unloading 3037 Unused Serialized files (Serialized files now loaded: 0)
System memory in use before: 116.3 MB.
System memory in use after: 116.5 MB.

Unloading 11 unused Assets to reduce memory usage. Loaded Objects now: 3593.
Total: 2.377400 ms (FindLiveObjects: 0.414100 ms CreateObjectMapping: 0.220900 ms MarkObjects: 1.628000 ms  DeleteObjects: 0.113200 ms)

========================================================================
Received Import Request.
  Time since last request: 6.051405 seconds.
  path: Assets/Prefabs/Enemy Unit Variant.prefab
  artifactKey: Guid(a5bae21c7369e86429d667e72d075c8f) Importer(815301076,1909f56bfc062723c751e8b465ee728b)
Start importing Assets/Prefabs/Enemy Unit Variant.prefab using Guid(a5bae21c7369e86429d667e72d075c8f) Importer(815301076,1909f56bfc062723c751e8b465ee728b)  -> (artifact id: '0a911bce578fc56ee0b66d98a650f613') in 0.082416 seconds 
========================================================================
Received Prepare
Registering precompiled user dll's ...
Registered in 0.003318 seconds.
Begin MonoManager ReloadAssembly
Native extension for WindowsStandalone target not found
Refreshing native plugins compatible for Editor in 0.48 ms, found 1 plugins.
Preloading 0 native plugins for Editor in 0.00 ms.
Mono: successfully reloaded assembly
- Completed reload, in  0.890 seconds
Platform modules already initialized, skipping
Refreshing native plugins compatible for Editor in 0.51 ms, found 1 plugins.
Preloading 0 native plugins for Editor in 0.00 ms.
Unloading 3037 Unused Serialized files (Serialized files now loaded: 0)
System memory in use before: 116.4 MB.
System memory in use after: 116.5 MB.

Unloading 11 unused Assets to reduce memory usage. Loaded Objects now: 3597.
Total: 3.261200 ms (FindLiveObjects: 0.405500 ms CreateObjectMapping: 0.266400 ms MarkObjects: 2.499500 ms  DeleteObjects: 0.088000 ms)

========================================================================
Received Prepare
Registering precompiled user dll's ...
Registered in 0.004296 seconds.
Begin MonoManager ReloadAssembly
Native extension for WindowsStandalone target not found
Refreshing native plugins compatible for Editor in 0.52 ms, found 1 plugins.
Preloading 0 native plugins for Editor in 0.00 ms.
Mono: successfully reloaded assembly
- Completed reload, in  1.050 seconds
Platform modules already initialized, skipping
Refreshing native plugins compatible for Editor in 0.52 ms, found 1 plugins.
Preloading 0 native plugins for Editor in 0.00 ms.
Unloading 3037 Unused Serialized files (Serialized files now loaded: 0)
System memory in use before: 116.4 MB.
System memory in use after: 116.5 MB.

Unloading 11 unused Assets to reduce memory usage. Loaded Objects now: 3600.
Total: 2.500300 ms (FindLiveObjects: 0.329800 ms CreateObjectMapping: 0.199900 ms MarkObjects: 1.893500 ms  DeleteObjects: 0.076100 ms)

========================================================================
Received Prepare
Registering precompiled user dll's ...
Registered in 0.003112 seconds.
Begin MonoManager ReloadAssembly
Native extension for WindowsStandalone target not found
Refreshing native plugins compatible for Editor in 0.94 ms, found 1 plugins.
Preloading 0 native plugins for Editor in 0.00 ms.
Mono: successfully reloaded assembly
- Completed reload, in  0.960 seconds
Platform modules already initialized, skipping
Refreshing native plugins compatible for Editor in 0.53 ms, found 1 plugins.
Preloading 0 native plugins for Editor in 0.00 ms.
Unloading 3037 Unused Serialized files (Serialized files now loaded: 0)
System memory in use before: 116.4 MB.
System memory in use after: 116.5 MB.

Unloading 11 unused Assets to reduce memory usage. Loaded Objects now: 3603.
Total: 2.520300 ms (FindLiveObjects: 0.271500 ms CreateObjectMapping: 0.139100 ms MarkObjects: 2.020500 ms  DeleteObjects: 0.088100 ms)

========================================================================
Received Prepare
Registering precompiled user dll's ...
Registered in 0.003067 seconds.
Begin MonoManager ReloadAssembly
Native extension for WindowsStandalone target not found
Refreshing native plugins compatible for Editor in 0.52 ms, found 1 plugins.
Preloading 0 native plugins for Editor in 0.00 ms.
Mono: successfully reloaded assembly
- Completed reload, in  0.948 seconds
Platform modules already initialized, skipping
Refreshing native plugins compatible for Editor in 0.49 ms, found 1 plugins.
Preloading 0 native plugins for Editor in 0.00 ms.
Unloading 3037 Unused Serialized files (Serialized files now loaded: 0)
System memory in use before: 116.4 MB.
System memory in use after: 116.5 MB.

Unloading 11 unused Assets to reduce memory usage. Loaded Objects now: 3606.
Total: 3.018900 ms (FindLiveObjects: 0.449100 ms CreateObjectMapping: 0.247200 ms MarkObjects: 2.215300 ms  DeleteObjects: 0.105800 ms)

========================================================================
Received Import Request.
  Time since last request: 306.150056 seconds.
  path: Assets/Prefabs/Enemy Unit Variant.prefab
  artifactKey: Guid(a5bae21c7369e86429d667e72d075c8f) Importer(815301076,1909f56bfc062723c751e8b465ee728b)
Start importing Assets/Prefabs/Enemy Unit Variant.prefab using Guid(a5bae21c7369e86429d667e72d075c8f) Importer(815301076,1909f56bfc062723c751e8b465ee728b)  -> (artifact id: '7fecda60c2d2088eff551263b6dc0620') in 0.078360 seconds 
========================================================================
Received Import Request.
  Time since last request: 12.684956 seconds.
  path: Assets/Prefabs/Enemy Unit Variant.prefab
  artifactKey: Guid(a5bae21c7369e86429d667e72d075c8f) Importer(815301076,1909f56bfc062723c751e8b465ee728b)
Start importing Assets/Prefabs/Enemy Unit Variant.prefab using Guid(a5bae21c7369e86429d667e72d075c8f) Importer(815301076,1909f56bfc062723c751e8b465ee728b)  -> (artifact id: '566b510cfb024340613a4b296439f339') in 0.012686 seconds 
========================================================================
Received Import Request.
  Time since last request: 0.000269 seconds.
  path: Assets/Prefabs/Unit.prefab
  artifactKey: Guid(4b734492017c2eb419358ca8a7f41f95) Importer(815301076,1909f56bfc062723c751e8b465ee728b)
Start importing Assets/Prefabs/Unit.prefab using Guid(4b734492017c2eb419358ca8a7f41f95) Importer(815301076,1909f56bfc062723c751e8b465ee728b)  -> (artifact id: '7a62ac5072f9c10c32f6e31785c95731') in 0.017451 seconds 
========================================================================
Received Import Request.
  Time since last request: 2.149870 seconds.
  path: Assets/Prefabs/Enemy Unit Variant.prefab
  artifactKey: Guid(a5bae21c7369e86429d667e72d075c8f) Importer(815301076,1909f56bfc062723c751e8b465ee728b)
Start importing Assets/Prefabs/Enemy Unit Variant.prefab using Guid(a5bae21c7369e86429d667e72d075c8f) Importer(815301076,1909f56bfc062723c751e8b465ee728b)  -> (artifact id: '2d65087cfa62f669bf1749d9fe768e15') in 0.012932 seconds 
========================================================================
Received Import Request.
  Time since last request: 0.000316 seconds.
  path: Assets/Prefabs/Unit.prefab
  artifactKey: Guid(4b734492017c2eb419358ca8a7f41f95) Importer(815301076,1909f56bfc062723c751e8b465ee728b)
Start importing Assets/Prefabs/Unit.prefab using Guid(4b734492017c2eb419358ca8a7f41f95) Importer(815301076,1909f56bfc062723c751e8b465ee728b)  -> (artifact id: 'b2fd0cd8b50f33c40cf12173e972846d') in 0.010470 seconds 
========================================================================
Received Import Request.
  Time since last request: 19.046241 seconds.
  path: Assets/Prefabs/Enemy Unit Variant.prefab
  artifactKey: Guid(a5bae21c7369e86429d667e72d075c8f) Importer(815301076,1909f56bfc062723c751e8b465ee728b)
Start importing Assets/Prefabs/Enemy Unit Variant.prefab using Guid(a5bae21c7369e86429d667e72d075c8f) Importer(815301076,1909f56bfc062723c751e8b465ee728b)  -> (artifact id: '152b829900f998028a60e39f9e3638f6') in 0.009547 seconds 
========================================================================
Received Import Request.
  Time since last request: 2.147573 seconds.
  path: Assets/Prefabs/Enemy Unit Variant.prefab
  artifactKey: Guid(a5bae21c7369e86429d667e72d075c8f) Importer(815301076,1909f56bfc062723c751e8b465ee728b)
Start importing Assets/Prefabs/Enemy Unit Variant.prefab using Guid(a5bae21c7369e86429d667e72d075c8f) Importer(815301076,1909f56bfc062723c751e8b465ee728b)  -> (artifact id: '6337ffd8ca8fe20f322c3eb755376d47') in 0.013464 seconds 
========================================================================
Received Prepare
Registering precompiled user dll's ...
Registered in 0.003018 seconds.
Begin MonoManager ReloadAssembly
Native extension for WindowsStandalone target not found
Refreshing native plugins compatible for Editor in 0.52 ms, found 1 plugins.
Preloading 0 native plugins for Editor in 0.00 ms.
Mono: successfully reloaded assembly
- Completed reload, in  0.990 seconds
Platform modules already initialized, skipping
Refreshing native plugins compatible for Editor in 0.50 ms, found 1 plugins.
Preloading 0 native plugins for Editor in 0.00 ms.
Unloading 3037 Unused Serialized files (Serialized files now loaded: 0)
System memory in use before: 116.5 MB.
System memory in use after: 116.6 MB.

Unloading 11 unused Assets to reduce memory usage. Loaded Objects now: 3610.
Total: 3.404700 ms (FindLiveObjects: 0.446800 ms CreateObjectMapping: 0.430000 ms MarkObjects: 2.446100 ms  DeleteObjects: 0.079800 ms)

========================================================================
Received Import Request.
  Time since last request: 356.097535 seconds.
  path: Assets/Prefabs/Bullet.prefab
  artifactKey: Guid(d0d4096a617577a488c6c5b58eadd83b) Importer(815301076,1909f56bfc062723c751e8b465ee728b)
Start importing Assets/Prefabs/Bullet.prefab using Guid(d0d4096a617577a488c6c5b58eadd83b) Importer(815301076,1909f56bfc062723c751e8b465ee728b)  -> (artifact id: 'b4bac9071b10e7c6503df1c5da3338ef') in 0.065843 seconds 
========================================================================
Received Prepare
Registering precompiled user dll's ...
Registered in 0.002964 seconds.
Begin MonoManager ReloadAssembly
Native extension for WindowsStandalone target not found
Refreshing native plugins compatible for Editor in 0.52 ms, found 1 plugins.
Preloading 0 native plugins for Editor in 0.00 ms.
Mono: successfully reloaded assembly
- Completed reload, in  0.945 seconds
Platform modules already initialized, skipping
Refreshing native plugins compatible for Editor in 0.67 ms, found 1 plugins.
Preloading 0 native plugins for Editor in 0.00 ms.
Unloading 3037 Unused Serialized files (Serialized files now loaded: 0)
System memory in use before: 116.5 MB.
System memory in use after: 116.6 MB.

Unloading 12 unused Assets to reduce memory usage. Loaded Objects now: 3614.
Total: 2.795400 ms (FindLiveObjects: 0.403800 ms CreateObjectMapping: 0.305700 ms MarkObjects: 1.995400 ms  DeleteObjects: 0.089200 ms)

========================================================================
Received Prepare
Registering precompiled user dll's ...
Registered in 0.003622 seconds.
Begin MonoManager ReloadAssembly
Native extension for WindowsStandalone target not found
Refreshing native plugins compatible for Editor in 0.61 ms, found 1 plugins.
Preloading 0 native plugins for Editor in 0.00 ms.
Mono: successfully reloaded assembly
- Completed reload, in  1.127 seconds
Platform modules already initialized, skipping
Refreshing native plugins compatible for Editor in 0.61 ms, found 1 plugins.
Preloading 0 native plugins for Editor in 0.00 ms.
Unloading 3037 Unused Serialized files (Serialized files now loaded: 0)
System memory in use before: 116.5 MB.
System memory in use after: 116.6 MB.

Unloading 11 unused Assets to reduce memory usage. Loaded Objects now: 3617.
Total: 3.408200 ms (FindLiveObjects: 0.372200 ms CreateObjectMapping: 0.214300 ms MarkObjects: 2.714700 ms  DeleteObjects: 0.105600 ms)

========================================================================
Received Prepare
Registering precompiled user dll's ...
Registered in 0.006727 seconds.
Begin MonoManager ReloadAssembly
Native extension for WindowsStandalone target not found
Refreshing native plugins compatible for Editor in 0.58 ms, found 1 plugins.
Preloading 0 native plugins for Editor in 0.00 ms.
Mono: successfully reloaded assembly
- Completed reload, in  0.956 seconds
Platform modules already initialized, skipping
Refreshing native plugins compatible for Editor in 0.75 ms, found 1 plugins.
Preloading 0 native plugins for Editor in 0.00 ms.
Unloading 3037 Unused Serialized files (Serialized files now loaded: 0)
System memory in use before: 116.5 MB.
System memory in use after: 116.7 MB.

Unloading 11 unused Assets to reduce memory usage. Loaded Objects now: 3620.
Total: 2.802400 ms (FindLiveObjects: 0.486800 ms CreateObjectMapping: 0.266300 ms MarkObjects: 1.951200 ms  DeleteObjects: 0.096700 ms)

========================================================================
Received Prepare
Registering precompiled user dll's ...
Registered in 0.004069 seconds.
Begin MonoManager ReloadAssembly
Native extension for WindowsStandalone target not found
Refreshing native plugins compatible for Editor in 0.56 ms, found 1 plugins.
Preloading 0 native plugins for Editor in 0.00 ms.
Mono: successfully reloaded assembly
- Completed reload, in  1.110 seconds
Platform modules already initialized, skipping
Refreshing native plugins compatible for Editor in 1.26 ms, found 1 plugins.
Preloading 0 native plugins for Editor in 0.00 ms.
Unloading 3037 Unused Serialized files (Serialized files now loaded: 0)
System memory in use before: 116.5 MB.
System memory in use after: 116.7 MB.

Unloading 11 unused Assets to reduce memory usage. Loaded Objects now: 3623.
Total: 3.219600 ms (FindLiveObjects: 0.383500 ms CreateObjectMapping: 0.292500 ms MarkObjects: 2.458900 ms  DeleteObjects: 0.082500 ms)

========================================================================
Received Prepare
Registering precompiled user dll's ...
Registered in 0.003435 seconds.
Begin MonoManager ReloadAssembly
Native extension for WindowsStandalone target not found
Refreshing native plugins compatible for Editor in 0.49 ms, found 1 plugins.
Preloading 0 native plugins for Editor in 0.00 ms.
Mono: successfully reloaded assembly
- Completed reload, in  0.935 seconds
Platform modules already initialized, skipping
Refreshing native plugins compatible for Editor in 0.71 ms, found 1 plugins.
Preloading 0 native plugins for Editor in 0.00 ms.
Unloading 3037 Unused Serialized files (Serialized files now loaded: 0)
System memory in use before: 116.5 MB.
System memory in use after: 116.7 MB.

Unloading 11 unused Assets to reduce memory usage. Loaded Objects now: 3626.
Total: 2.743400 ms (FindLiveObjects: 0.343600 ms CreateObjectMapping: 0.209100 ms MarkObjects: 2.071900 ms  DeleteObjects: 0.117300 ms)

========================================================================
Received Import Request.
  Time since last request: 1121.741707 seconds.
  path: Assets/Scripts/Example.cs
  artifactKey: Guid(4d0f32b3a458d2649a0ab2e7cf94a0ec) Importer(815301076,1909f56bfc062723c751e8b465ee728b)
Start importing Assets/Scripts/Example.cs using Guid(4d0f32b3a458d2649a0ab2e7cf94a0ec) Importer(815301076,1909f56bfc062723c751e8b465ee728b)  -> (artifact id: 'a66c61aac23986b4951b9c7fe09cbf2d') in 0.016375 seconds 
========================================================================
Received Prepare
Registering precompiled user dll's ...
Registered in 0.003089 seconds.
Begin MonoManager ReloadAssembly
Native extension for WindowsStandalone target not found
Refreshing native plugins compatible for Editor in 0.48 ms, found 1 plugins.
Preloading 0 native plugins for Editor in 0.00 ms.
Mono: successfully reloaded assembly
- Completed reload, in  1.105 seconds
Platform modules already initialized, skipping
Refreshing native plugins compatible for Editor in 0.57 ms, found 1 plugins.
Preloading 0 native plugins for Editor in 0.00 ms.
Unloading 3038 Unused Serialized files (Serialized files now loaded: 0)
System memory in use before: 116.5 MB.
System memory in use after: 116.7 MB.

Unloading 11 unused Assets to reduce memory usage. Loaded Objects now: 3630.
Total: 3.952800 ms (FindLiveObjects: 0.508500 ms CreateObjectMapping: 0.411500 ms MarkObjects: 2.914000 ms  DeleteObjects: 0.116700 ms)

========================================================================
Received Prepare
Registering precompiled user dll's ...
Registered in 0.004591 seconds.
Begin MonoManager ReloadAssembly
Native extension for WindowsStandalone target not found
Refreshing native plugins compatible for Editor in 0.59 ms, found 1 plugins.
Preloading 0 native plugins for Editor in 0.00 ms.
Mono: successfully reloaded assembly
- Completed reload, in  1.031 seconds
Platform modules already initialized, skipping
Refreshing native plugins compatible for Editor in 0.69 ms, found 1 plugins.
Preloading 0 native plugins for Editor in 0.00 ms.
Unloading 3038 Unused Serialized files (Serialized files now loaded: 0)
System memory in use before: 116.5 MB.
System memory in use after: 116.7 MB.

Unloading 11 unused Assets to reduce memory usage. Loaded Objects now: 3633.
Total: 4.126900 ms (FindLiveObjects: 0.379900 ms CreateObjectMapping: 0.217600 ms MarkObjects: 3.421500 ms  DeleteObjects: 0.105500 ms)

========================================================================
Received Import Request.
  Time since last request: 72.848372 seconds.
  path: Assets/Scripts/Example.cs
  artifactKey: Guid(4d0f32b3a458d2649a0ab2e7cf94a0ec) Importer(815301076,1909f56bfc062723c751e8b465ee728b)
Start importing Assets/Scripts/Example.cs using Guid(4d0f32b3a458d2649a0ab2e7cf94a0ec) Importer(815301076,1909f56bfc062723c751e8b465ee728b)  -> (artifact id: '10d7895a3060f905af5bfd6c1c891774') in 0.005656 seconds 
========================================================================
Received Prepare
Registering precompiled user dll's ...
Registered in 0.003296 seconds.
Begin MonoManager ReloadAssembly
Native extension for WindowsStandalone target not found
Refreshing native plugins compatible for Editor in 0.52 ms, found 1 plugins.
Preloading 0 native plugins for Editor in 0.00 ms.
Mono: successfully reloaded assembly
- Completed reload, in  1.005 seconds
Platform modules already initialized, skipping
Refreshing native plugins compatible for Editor in 0.68 ms, found 1 plugins.
Preloading 0 native plugins for Editor in 0.00 ms.
Unloading 3038 Unused Serialized files (Serialized files now loaded: 0)
System memory in use before: 116.5 MB.
System memory in use after: 116.7 MB.

Unloading 11 unused Assets to reduce memory usage. Loaded Objects now: 3636.
Total: 6.989700 ms (FindLiveObjects: 0.681000 ms CreateObjectMapping: 0.405700 ms MarkObjects: 5.780500 ms  DeleteObjects: 0.119700 ms)

========================================================================
Received Prepare
Registering precompiled user dll's ...
Registered in 0.003068 seconds.
Begin MonoManager ReloadAssembly
Native extension for WindowsStandalone target not found
Refreshing native plugins compatible for Editor in 0.54 ms, found 1 plugins.
Preloading 0 native plugins for Editor in 0.00 ms.
Mono: successfully reloaded assembly
- Completed reload, in  1.066 seconds
Platform modules already initialized, skipping
Refreshing native plugins compatible for Editor in 0.73 ms, found 1 plugins.
Preloading 0 native plugins for Editor in 0.00 ms.
Unloading 3038 Unused Serialized files (Serialized files now loaded: 0)
System memory in use before: 116.5 MB.
System memory in use after: 116.7 MB.

Unloading 11 unused Assets to reduce memory usage. Loaded Objects now: 3639.
Total: 4.604400 ms (FindLiveObjects: 0.504300 ms CreateObjectMapping: 0.367900 ms MarkObjects: 3.621100 ms  DeleteObjects: 0.109800 ms)

